2018-05-28 09:37:11.052  INFO 7900 --- [main] c.z.s.s.SpringBootApplicationStart       : Starting SpringBootApplicationStart on cs-PC with PID 7900 (C:\ZJM\IN_E\eclipse_workSpace\spring_boot_mode\target\classes started by Administrator in C:\ZJM\IN_E\eclipse_workSpace\spring_boot_mode)
2018-05-28 09:37:11.055  INFO 7900 --- [main] c.z.s.s.SpringBootApplicationStart       : No active profile set, falling back to default profiles: default
2018-05-28 09:37:13.674  INFO 7900 --- [main] o.apache.catalina.core.StandardService   : Starting service [Tomcat]
2018-05-28 09:37:13.675  INFO 7900 --- [main] org.apache.catalina.core.StandardEngine  : Starting Servlet Engine: Apache Tomcat/8.5.23
2018-05-28 09:37:13.848  INFO 7900 --- [localhost-startStop-1] o.a.c.c.C.[Tomcat].[localhost].[/]       : Initializing Spring embedded WebApplicationContext
2018-05-28 09:37:14.902  INFO 7900 --- [main] com.alibaba.druid.pool.DruidDataSource   : {dataSource-1} inited
2018-05-28 09:37:16.666  INFO 7900 --- [main] o.a.engine.impl.ProcessEngineImpl        : ProcessEngine default created
2018-05-28 09:37:16.671  INFO 7900 --- [main] o.a.e.i.a.AbstractAsyncJobExecutor       : Starting up the default async job executor [org.activiti.spring.SpringAsyncExecutor].
2018-05-28 09:37:16.673  INFO 7900 --- [Thread-2] o.a.e.i.a.AcquireTimerJobsRunnable       : starting to acquire async jobs due
2018-05-28 09:37:16.673  INFO 7900 --- [Thread-3] o.a.e.i.a.AcquireAsyncJobsDueRunnable    : starting to acquire async jobs due
2018-05-28 09:37:18.877  INFO 7900 --- [main] c.z.s.s.SpringBootApplicationStart       : Started SpringBootApplicationStart in 8.127 seconds (JVM running for 8.632)
2018-05-28 09:58:29.001  INFO 7248 --- [main] c.z.s.spring_boot_mode.ApplicationTests  : Starting ApplicationTests on cs-PC with PID 7248 (started by Administrator in C:\Users\Administrator\git\composite_mode\spring_boot_mode)
2018-05-28 09:58:29.002  INFO 7248 --- [main] c.z.s.spring_boot_mode.ApplicationTests  : No active profile set, falling back to default profiles: default
2018-05-28 09:58:32.322  INFO 7248 --- [main] com.alibaba.druid.pool.DruidDataSource   : {dataSource-1} inited
2018-05-28 09:58:33.368  INFO 7248 --- [main] o.a.engine.impl.ProcessEngineImpl        : ProcessEngine default created
2018-05-28 09:58:33.371  INFO 7248 --- [main] o.a.e.i.a.AbstractAsyncJobExecutor       : Starting up the default async job executor [org.activiti.spring.SpringAsyncExecutor].
2018-05-28 09:58:33.372  INFO 7248 --- [Thread-2] o.a.e.i.a.AcquireTimerJobsRunnable       : starting to acquire async jobs due
2018-05-28 09:58:33.375  INFO 7248 --- [Thread-3] o.a.e.i.a.AcquireAsyncJobsDueRunnable    : starting to acquire async jobs due
2018-05-28 09:58:36.328  INFO 7248 --- [main] c.z.s.spring_boot_mode.ApplicationTests  : Started ApplicationTests in 7.646 seconds (JVM running for 8.509)
2018-05-28 09:58:36.592  INFO 7248 --- [Thread-4] o.a.e.i.a.AbstractAsyncJobExecutor       : Shutting down the default async job executor [org.activiti.spring.SpringAsyncExecutor].
2018-05-28 09:58:36.593  INFO 7248 --- [Thread-3] o.a.e.i.a.AcquireAsyncJobsDueRunnable    : stopped async job due acquisition
2018-05-28 09:58:36.593  INFO 7248 --- [Thread-2] o.a.e.i.a.AcquireTimerJobsRunnable       : stopped async job due acquisition
2018-05-28 09:58:36.608  INFO 7248 --- [Thread-4] com.alibaba.druid.pool.DruidDataSource   : {dataSource-1} closed
2018-10-29 14:34:39.120  INFO 12708 --- [main] c.z.s.s.SpringBootApplicationStart       : Starting SpringBootApplicationStart on cs-PC with PID 12708 (C:\Users\Administrator\git\composite_mode\spring_boot_mode\target\classes started by Administrator in C:\Users\Administrator\git\composite_mode\spring_boot_mode)
2018-10-29 14:34:39.135  INFO 12708 --- [main] c.z.s.s.SpringBootApplicationStart       : No active profile set, falling back to default profiles: default
2018-10-29 14:34:45.532  INFO 12708 --- [main] o.apache.catalina.core.StandardService   : Starting service [Tomcat]
2018-10-29 14:34:45.535  INFO 12708 --- [main] org.apache.catalina.core.StandardEngine  : Starting Servlet Engine: Apache Tomcat/8.5.23
2018-10-29 14:34:46.013  INFO 12708 --- [localhost-startStop-1] o.a.c.c.C.[Tomcat].[localhost].[/]       : Initializing Spring embedded WebApplicationContext
2018-10-29 14:34:47.602  INFO 12708 --- [main] com.alibaba.druid.pool.DruidDataSource   : {dataSource-1} inited
2018-10-29 14:34:47.933 ERROR 12708 --- [Druid-ConnectionPool-Create-833272193] com.alibaba.druid.pool.DruidDataSource   : create connection error, url: jdbc:mysql:///activiti_web?createDatabaseIfNotExist=true&useUnicode=true&characterEncoding=utf-8&user=root&password=admin, errorCode 1045, state 28000

java.sql.SQLException: Access denied for user 'root'@'localhost' (using password: YES)
	at com.mysql.jdbc.SQLError.createSQLException(SQLError.java:964) ~[mysql-connector-java-5.1.44.jar:5.1.44]
	at com.mysql.jdbc.MysqlIO.checkErrorPacket(MysqlIO.java:3973) ~[mysql-connector-java-5.1.44.jar:5.1.44]
	at com.mysql.jdbc.MysqlIO.checkErrorPacket(MysqlIO.java:3909) ~[mysql-connector-java-5.1.44.jar:5.1.44]
	at com.mysql.jdbc.MysqlIO.checkErrorPacket(MysqlIO.java:873) ~[mysql-connector-java-5.1.44.jar:5.1.44]
	at com.mysql.jdbc.MysqlIO.proceedHandshakeWithPluggableAuthentication(MysqlIO.java:1710) ~[mysql-connector-java-5.1.44.jar:5.1.44]
	at com.mysql.jdbc.MysqlIO.doHandshake(MysqlIO.java:1226) ~[mysql-connector-java-5.1.44.jar:5.1.44]
	at com.mysql.jdbc.ConnectionImpl.coreConnect(ConnectionImpl.java:2191) ~[mysql-connector-java-5.1.44.jar:5.1.44]
	at com.mysql.jdbc.ConnectionImpl.connectOneTryOnly(ConnectionImpl.java:2222) ~[mysql-connector-java-5.1.44.jar:5.1.44]
	at com.mysql.jdbc.ConnectionImpl.createNewIO(ConnectionImpl.java:2017) ~[mysql-connector-java-5.1.44.jar:5.1.44]
	at com.mysql.jdbc.ConnectionImpl.<init>(ConnectionImpl.java:779) ~[mysql-connector-java-5.1.44.jar:5.1.44]
	at com.mysql.jdbc.JDBC4Connection.<init>(JDBC4Connection.java:47) ~[mysql-connector-java-5.1.44.jar:5.1.44]
	at sun.reflect.NativeConstructorAccessorImpl.newInstance0(Native Method) ~[na:1.8.0_151]
	at sun.reflect.NativeConstructorAccessorImpl.newInstance(Unknown Source) ~[na:1.8.0_151]
	at sun.reflect.DelegatingConstructorAccessorImpl.newInstance(Unknown Source) ~[na:1.8.0_151]
	at java.lang.reflect.Constructor.newInstance(Unknown Source) ~[na:1.8.0_151]
	at com.mysql.jdbc.Util.handleNewInstance(Util.java:425) ~[mysql-connector-java-5.1.44.jar:5.1.44]
	at com.mysql.jdbc.ConnectionImpl.getInstance(ConnectionImpl.java:389) ~[mysql-connector-java-5.1.44.jar:5.1.44]
	at com.mysql.jdbc.NonRegisteringDriver.connect(NonRegisteringDriver.java:330) ~[mysql-connector-java-5.1.44.jar:5.1.44]
	at com.alibaba.druid.filter.FilterChainImpl.connection_connect(FilterChainImpl.java:148) ~[druid-1.1.0.jar:1.1.0]
	at com.alibaba.druid.filter.stat.StatFilter.connection_connect(StatFilter.java:217) ~[druid-1.1.0.jar:1.1.0]
	at com.alibaba.druid.filter.FilterChainImpl.connection_connect(FilterChainImpl.java:142) ~[druid-1.1.0.jar:1.1.0]
	at com.alibaba.druid.pool.DruidAbstractDataSource.createPhysicalConnection(DruidAbstractDataSource.java:1466) ~[druid-1.1.0.jar:1.1.0]
	at com.alibaba.druid.pool.DruidAbstractDataSource.createPhysicalConnection(DruidAbstractDataSource.java:1529) ~[druid-1.1.0.jar:1.1.0]
	at com.alibaba.druid.pool.DruidDataSource$CreateConnectionThread.run(DruidDataSource.java:2178) ~[druid-1.1.0.jar:1.1.0]

2018-10-29 14:34:47.938 ERROR 12708 --- [Druid-ConnectionPool-Create-833272193] com.alibaba.druid.pool.DruidDataSource   : create connection error, url: jdbc:mysql:///activiti_web?createDatabaseIfNotExist=true&useUnicode=true&characterEncoding=utf-8&user=root&password=admin, errorCode 1045, state 28000

java.sql.SQLException: Access denied for user 'root'@'localhost' (using password: YES)
	at com.mysql.jdbc.SQLError.createSQLException(SQLError.java:964) ~[mysql-connector-java-5.1.44.jar:5.1.44]
	at com.mysql.jdbc.MysqlIO.checkErrorPacket(MysqlIO.java:3973) ~[mysql-connector-java-5.1.44.jar:5.1.44]
	at com.mysql.jdbc.MysqlIO.checkErrorPacket(MysqlIO.java:3909) ~[mysql-connector-java-5.1.44.jar:5.1.44]
	at com.mysql.jdbc.MysqlIO.checkErrorPacket(MysqlIO.java:873) ~[mysql-connector-java-5.1.44.jar:5.1.44]
	at com.mysql.jdbc.MysqlIO.proceedHandshakeWithPluggableAuthentication(MysqlIO.java:1710) ~[mysql-connector-java-5.1.44.jar:5.1.44]
	at com.mysql.jdbc.MysqlIO.doHandshake(MysqlIO.java:1226) ~[mysql-connector-java-5.1.44.jar:5.1.44]
	at com.mysql.jdbc.ConnectionImpl.coreConnect(ConnectionImpl.java:2191) ~[mysql-connector-java-5.1.44.jar:5.1.44]
	at com.mysql.jdbc.ConnectionImpl.connectOneTryOnly(ConnectionImpl.java:2222) ~[mysql-connector-java-5.1.44.jar:5.1.44]
	at com.mysql.jdbc.ConnectionImpl.createNewIO(ConnectionImpl.java:2017) ~[mysql-connector-java-5.1.44.jar:5.1.44]
	at com.mysql.jdbc.ConnectionImpl.<init>(ConnectionImpl.java:779) ~[mysql-connector-java-5.1.44.jar:5.1.44]
	at com.mysql.jdbc.JDBC4Connection.<init>(JDBC4Connection.java:47) ~[mysql-connector-java-5.1.44.jar:5.1.44]
	at sun.reflect.NativeConstructorAccessorImpl.newInstance0(Native Method) ~[na:1.8.0_151]
	at sun.reflect.NativeConstructorAccessorImpl.newInstance(Unknown Source) ~[na:1.8.0_151]
	at sun.reflect.DelegatingConstructorAccessorImpl.newInstance(Unknown Source) ~[na:1.8.0_151]
	at java.lang.reflect.Constructor.newInstance(Unknown Source) ~[na:1.8.0_151]
	at com.mysql.jdbc.Util.handleNewInstance(Util.java:425) ~[mysql-connector-java-5.1.44.jar:5.1.44]
	at com.mysql.jdbc.ConnectionImpl.getInstance(ConnectionImpl.java:389) ~[mysql-connector-java-5.1.44.jar:5.1.44]
	at com.mysql.jdbc.NonRegisteringDriver.connect(NonRegisteringDriver.java:330) ~[mysql-connector-java-5.1.44.jar:5.1.44]
	at com.alibaba.druid.filter.FilterChainImpl.connection_connect(FilterChainImpl.java:148) ~[druid-1.1.0.jar:1.1.0]
	at com.alibaba.druid.filter.stat.StatFilter.connection_connect(StatFilter.java:217) ~[druid-1.1.0.jar:1.1.0]
	at com.alibaba.druid.filter.FilterChainImpl.connection_connect(FilterChainImpl.java:142) ~[druid-1.1.0.jar:1.1.0]
	at com.alibaba.druid.pool.DruidAbstractDataSource.createPhysicalConnection(DruidAbstractDataSource.java:1466) ~[druid-1.1.0.jar:1.1.0]
	at com.alibaba.druid.pool.DruidAbstractDataSource.createPhysicalConnection(DruidAbstractDataSource.java:1529) ~[druid-1.1.0.jar:1.1.0]
	at com.alibaba.druid.pool.DruidDataSource$CreateConnectionThread.run(DruidDataSource.java:2178) ~[druid-1.1.0.jar:1.1.0]

2018-10-29 14:34:47.956 ERROR 12708 --- [Druid-ConnectionPool-Create-833272193] com.alibaba.druid.pool.DruidDataSource   : create connection error, url: jdbc:mysql:///activiti_web?createDatabaseIfNotExist=true&useUnicode=true&characterEncoding=utf-8&user=root&password=admin, errorCode 1045, state 28000

java.sql.SQLException: Access denied for user 'root'@'localhost' (using password: YES)
	at com.mysql.jdbc.SQLError.createSQLException(SQLError.java:964) ~[mysql-connector-java-5.1.44.jar:5.1.44]
	at com.mysql.jdbc.MysqlIO.checkErrorPacket(MysqlIO.java:3973) ~[mysql-connector-java-5.1.44.jar:5.1.44]
	at com.mysql.jdbc.MysqlIO.checkErrorPacket(MysqlIO.java:3909) ~[mysql-connector-java-5.1.44.jar:5.1.44]
	at com.mysql.jdbc.MysqlIO.checkErrorPacket(MysqlIO.java:873) ~[mysql-connector-java-5.1.44.jar:5.1.44]
	at com.mysql.jdbc.MysqlIO.proceedHandshakeWithPluggableAuthentication(MysqlIO.java:1710) ~[mysql-connector-java-5.1.44.jar:5.1.44]
	at com.mysql.jdbc.MysqlIO.doHandshake(MysqlIO.java:1226) ~[mysql-connector-java-5.1.44.jar:5.1.44]
	at com.mysql.jdbc.ConnectionImpl.coreConnect(ConnectionImpl.java:2191) ~[mysql-connector-java-5.1.44.jar:5.1.44]
	at com.mysql.jdbc.ConnectionImpl.connectOneTryOnly(ConnectionImpl.java:2222) ~[mysql-connector-java-5.1.44.jar:5.1.44]
	at com.mysql.jdbc.ConnectionImpl.createNewIO(ConnectionImpl.java:2017) ~[mysql-connector-java-5.1.44.jar:5.1.44]
	at com.mysql.jdbc.ConnectionImpl.<init>(ConnectionImpl.java:779) ~[mysql-connector-java-5.1.44.jar:5.1.44]
	at com.mysql.jdbc.JDBC4Connection.<init>(JDBC4Connection.java:47) ~[mysql-connector-java-5.1.44.jar:5.1.44]
	at sun.reflect.NativeConstructorAccessorImpl.newInstance0(Native Method) ~[na:1.8.0_151]
	at sun.reflect.NativeConstructorAccessorImpl.newInstance(Unknown Source) ~[na:1.8.0_151]
	at sun.reflect.DelegatingConstructorAccessorImpl.newInstance(Unknown Source) ~[na:1.8.0_151]
	at java.lang.reflect.Constructor.newInstance(Unknown Source) ~[na:1.8.0_151]
	at com.mysql.jdbc.Util.handleNewInstance(Util.java:425) ~[mysql-connector-java-5.1.44.jar:5.1.44]
	at com.mysql.jdbc.ConnectionImpl.getInstance(ConnectionImpl.java:389) ~[mysql-connector-java-5.1.44.jar:5.1.44]
	at com.mysql.jdbc.NonRegisteringDriver.connect(NonRegisteringDriver.java:330) ~[mysql-connector-java-5.1.44.jar:5.1.44]
	at com.alibaba.druid.filter.FilterChainImpl.connection_connect(FilterChainImpl.java:148) ~[druid-1.1.0.jar:1.1.0]
	at com.alibaba.druid.filter.stat.StatFilter.connection_connect(StatFilter.java:217) ~[druid-1.1.0.jar:1.1.0]
	at com.alibaba.druid.filter.FilterChainImpl.connection_connect(FilterChainImpl.java:142) ~[druid-1.1.0.jar:1.1.0]
	at com.alibaba.druid.pool.DruidAbstractDataSource.createPhysicalConnection(DruidAbstractDataSource.java:1466) ~[druid-1.1.0.jar:1.1.0]
	at com.alibaba.druid.pool.DruidAbstractDataSource.createPhysicalConnection(DruidAbstractDataSource.java:1529) ~[druid-1.1.0.jar:1.1.0]
	at com.alibaba.druid.pool.DruidDataSource$CreateConnectionThread.run(DruidDataSource.java:2178) ~[druid-1.1.0.jar:1.1.0]

2018-10-29 14:34:47.988 ERROR 12708 --- [Druid-ConnectionPool-Create-833272193] com.alibaba.druid.pool.DruidDataSource   : create connection error, url: jdbc:mysql:///activiti_web?createDatabaseIfNotExist=true&useUnicode=true&characterEncoding=utf-8&user=root&password=admin, errorCode 1045, state 28000

java.sql.SQLException: Access denied for user 'root'@'localhost' (using password: YES)
	at com.mysql.jdbc.SQLError.createSQLException(SQLError.java:964) ~[mysql-connector-java-5.1.44.jar:5.1.44]
	at com.mysql.jdbc.MysqlIO.checkErrorPacket(MysqlIO.java:3973) ~[mysql-connector-java-5.1.44.jar:5.1.44]
	at com.mysql.jdbc.MysqlIO.checkErrorPacket(MysqlIO.java:3909) ~[mysql-connector-java-5.1.44.jar:5.1.44]
	at com.mysql.jdbc.MysqlIO.checkErrorPacket(MysqlIO.java:873) ~[mysql-connector-java-5.1.44.jar:5.1.44]
	at com.mysql.jdbc.MysqlIO.proceedHandshakeWithPluggableAuthentication(MysqlIO.java:1710) ~[mysql-connector-java-5.1.44.jar:5.1.44]
	at com.mysql.jdbc.MysqlIO.doHandshake(MysqlIO.java:1226) ~[mysql-connector-java-5.1.44.jar:5.1.44]
	at com.mysql.jdbc.ConnectionImpl.coreConnect(ConnectionImpl.java:2191) ~[mysql-connector-java-5.1.44.jar:5.1.44]
	at com.mysql.jdbc.ConnectionImpl.connectOneTryOnly(ConnectionImpl.java:2222) ~[mysql-connector-java-5.1.44.jar:5.1.44]
	at com.mysql.jdbc.ConnectionImpl.createNewIO(ConnectionImpl.java:2017) ~[mysql-connector-java-5.1.44.jar:5.1.44]
	at com.mysql.jdbc.ConnectionImpl.<init>(ConnectionImpl.java:779) ~[mysql-connector-java-5.1.44.jar:5.1.44]
	at com.mysql.jdbc.JDBC4Connection.<init>(JDBC4Connection.java:47) ~[mysql-connector-java-5.1.44.jar:5.1.44]
	at sun.reflect.NativeConstructorAccessorImpl.newInstance0(Native Method) ~[na:1.8.0_151]
	at sun.reflect.NativeConstructorAccessorImpl.newInstance(Unknown Source) ~[na:1.8.0_151]
	at sun.reflect.DelegatingConstructorAccessorImpl.newInstance(Unknown Source) ~[na:1.8.0_151]
	at java.lang.reflect.Constructor.newInstance(Unknown Source) ~[na:1.8.0_151]
	at com.mysql.jdbc.Util.handleNewInstance(Util.java:425) ~[mysql-connector-java-5.1.44.jar:5.1.44]
	at com.mysql.jdbc.ConnectionImpl.getInstance(ConnectionImpl.java:389) ~[mysql-connector-java-5.1.44.jar:5.1.44]
	at com.mysql.jdbc.NonRegisteringDriver.connect(NonRegisteringDriver.java:330) ~[mysql-connector-java-5.1.44.jar:5.1.44]
	at com.alibaba.druid.filter.FilterChainImpl.connection_connect(FilterChainImpl.java:148) ~[druid-1.1.0.jar:1.1.0]
	at com.alibaba.druid.filter.stat.StatFilter.connection_connect(StatFilter.java:217) ~[druid-1.1.0.jar:1.1.0]
	at com.alibaba.druid.filter.FilterChainImpl.connection_connect(FilterChainImpl.java:142) ~[druid-1.1.0.jar:1.1.0]
	at com.alibaba.druid.pool.DruidAbstractDataSource.createPhysicalConnection(DruidAbstractDataSource.java:1466) ~[druid-1.1.0.jar:1.1.0]
	at com.alibaba.druid.pool.DruidAbstractDataSource.createPhysicalConnection(DruidAbstractDataSource.java:1529) ~[druid-1.1.0.jar:1.1.0]
	at com.alibaba.druid.pool.DruidDataSource$CreateConnectionThread.run(DruidDataSource.java:2178) ~[druid-1.1.0.jar:1.1.0]

2018-10-29 14:34:47.993 ERROR 12708 --- [Druid-ConnectionPool-Create-833272193] com.alibaba.druid.pool.DruidDataSource   : create connection error, url: jdbc:mysql:///activiti_web?createDatabaseIfNotExist=true&useUnicode=true&characterEncoding=utf-8&user=root&password=admin, errorCode 1045, state 28000

java.sql.SQLException: Access denied for user 'root'@'localhost' (using password: YES)
	at com.mysql.jdbc.SQLError.createSQLException(SQLError.java:964) ~[mysql-connector-java-5.1.44.jar:5.1.44]
	at com.mysql.jdbc.MysqlIO.checkErrorPacket(MysqlIO.java:3973) ~[mysql-connector-java-5.1.44.jar:5.1.44]
	at com.mysql.jdbc.MysqlIO.checkErrorPacket(MysqlIO.java:3909) ~[mysql-connector-java-5.1.44.jar:5.1.44]
	at com.mysql.jdbc.MysqlIO.checkErrorPacket(MysqlIO.java:873) ~[mysql-connector-java-5.1.44.jar:5.1.44]
	at com.mysql.jdbc.MysqlIO.proceedHandshakeWithPluggableAuthentication(MysqlIO.java:1710) ~[mysql-connector-java-5.1.44.jar:5.1.44]
	at com.mysql.jdbc.MysqlIO.doHandshake(MysqlIO.java:1226) ~[mysql-connector-java-5.1.44.jar:5.1.44]
	at com.mysql.jdbc.ConnectionImpl.coreConnect(ConnectionImpl.java:2191) ~[mysql-connector-java-5.1.44.jar:5.1.44]
	at com.mysql.jdbc.ConnectionImpl.connectOneTryOnly(ConnectionImpl.java:2222) ~[mysql-connector-java-5.1.44.jar:5.1.44]
	at com.mysql.jdbc.ConnectionImpl.createNewIO(ConnectionImpl.java:2017) ~[mysql-connector-java-5.1.44.jar:5.1.44]
	at com.mysql.jdbc.ConnectionImpl.<init>(ConnectionImpl.java:779) ~[mysql-connector-java-5.1.44.jar:5.1.44]
	at com.mysql.jdbc.JDBC4Connection.<init>(JDBC4Connection.java:47) ~[mysql-connector-java-5.1.44.jar:5.1.44]
	at sun.reflect.NativeConstructorAccessorImpl.newInstance0(Native Method) ~[na:1.8.0_151]
	at sun.reflect.NativeConstructorAccessorImpl.newInstance(Unknown Source) ~[na:1.8.0_151]
	at sun.reflect.DelegatingConstructorAccessorImpl.newInstance(Unknown Source) ~[na:1.8.0_151]
	at java.lang.reflect.Constructor.newInstance(Unknown Source) ~[na:1.8.0_151]
	at com.mysql.jdbc.Util.handleNewInstance(Util.java:425) ~[mysql-connector-java-5.1.44.jar:5.1.44]
	at com.mysql.jdbc.ConnectionImpl.getInstance(ConnectionImpl.java:389) ~[mysql-connector-java-5.1.44.jar:5.1.44]
	at com.mysql.jdbc.NonRegisteringDriver.connect(NonRegisteringDriver.java:330) ~[mysql-connector-java-5.1.44.jar:5.1.44]
	at com.alibaba.druid.filter.FilterChainImpl.connection_connect(FilterChainImpl.java:148) ~[druid-1.1.0.jar:1.1.0]
	at com.alibaba.druid.filter.stat.StatFilter.connection_connect(StatFilter.java:217) ~[druid-1.1.0.jar:1.1.0]
	at com.alibaba.druid.filter.FilterChainImpl.connection_connect(FilterChainImpl.java:142) ~[druid-1.1.0.jar:1.1.0]
	at com.alibaba.druid.pool.DruidAbstractDataSource.createPhysicalConnection(DruidAbstractDataSource.java:1466) ~[druid-1.1.0.jar:1.1.0]
	at com.alibaba.druid.pool.DruidAbstractDataSource.createPhysicalConnection(DruidAbstractDataSource.java:1529) ~[druid-1.1.0.jar:1.1.0]
	at com.alibaba.druid.pool.DruidDataSource$CreateConnectionThread.run(DruidDataSource.java:2178) ~[druid-1.1.0.jar:1.1.0]

2018-10-29 14:34:48.001 ERROR 12708 --- [Druid-ConnectionPool-Create-833272193] com.alibaba.druid.pool.DruidDataSource   : create connection error, url: jdbc:mysql:///activiti_web?createDatabaseIfNotExist=true&useUnicode=true&characterEncoding=utf-8&user=root&password=admin, errorCode 1045, state 28000

java.sql.SQLException: Access denied for user 'root'@'localhost' (using password: YES)
	at com.mysql.jdbc.SQLError.createSQLException(SQLError.java:964) ~[mysql-connector-java-5.1.44.jar:5.1.44]
	at com.mysql.jdbc.MysqlIO.checkErrorPacket(MysqlIO.java:3973) ~[mysql-connector-java-5.1.44.jar:5.1.44]
	at com.mysql.jdbc.MysqlIO.checkErrorPacket(MysqlIO.java:3909) ~[mysql-connector-java-5.1.44.jar:5.1.44]
	at com.mysql.jdbc.MysqlIO.checkErrorPacket(MysqlIO.java:873) ~[mysql-connector-java-5.1.44.jar:5.1.44]
	at com.mysql.jdbc.MysqlIO.proceedHandshakeWithPluggableAuthentication(MysqlIO.java:1710) ~[mysql-connector-java-5.1.44.jar:5.1.44]
	at com.mysql.jdbc.MysqlIO.doHandshake(MysqlIO.java:1226) ~[mysql-connector-java-5.1.44.jar:5.1.44]
	at com.mysql.jdbc.ConnectionImpl.coreConnect(ConnectionImpl.java:2191) ~[mysql-connector-java-5.1.44.jar:5.1.44]
	at com.mysql.jdbc.ConnectionImpl.connectOneTryOnly(ConnectionImpl.java:2222) ~[mysql-connector-java-5.1.44.jar:5.1.44]
	at com.mysql.jdbc.ConnectionImpl.createNewIO(ConnectionImpl.java:2017) ~[mysql-connector-java-5.1.44.jar:5.1.44]
	at com.mysql.jdbc.ConnectionImpl.<init>(ConnectionImpl.java:779) ~[mysql-connector-java-5.1.44.jar:5.1.44]
	at com.mysql.jdbc.JDBC4Connection.<init>(JDBC4Connection.java:47) ~[mysql-connector-java-5.1.44.jar:5.1.44]
	at sun.reflect.NativeConstructorAccessorImpl.newInstance0(Native Method) ~[na:1.8.0_151]
	at sun.reflect.NativeConstructorAccessorImpl.newInstance(Unknown Source) ~[na:1.8.0_151]
	at sun.reflect.DelegatingConstructorAccessorImpl.newInstance(Unknown Source) ~[na:1.8.0_151]
	at java.lang.reflect.Constructor.newInstance(Unknown Source) ~[na:1.8.0_151]
	at com.mysql.jdbc.Util.handleNewInstance(Util.java:425) ~[mysql-connector-java-5.1.44.jar:5.1.44]
	at com.mysql.jdbc.ConnectionImpl.getInstance(ConnectionImpl.java:389) ~[mysql-connector-java-5.1.44.jar:5.1.44]
	at com.mysql.jdbc.NonRegisteringDriver.connect(NonRegisteringDriver.java:330) ~[mysql-connector-java-5.1.44.jar:5.1.44]
	at com.alibaba.druid.filter.FilterChainImpl.connection_connect(FilterChainImpl.java:148) ~[druid-1.1.0.jar:1.1.0]
	at com.alibaba.druid.filter.stat.StatFilter.connection_connect(StatFilter.java:217) ~[druid-1.1.0.jar:1.1.0]
	at com.alibaba.druid.filter.FilterChainImpl.connection_connect(FilterChainImpl.java:142) ~[druid-1.1.0.jar:1.1.0]
	at com.alibaba.druid.pool.DruidAbstractDataSource.createPhysicalConnection(DruidAbstractDataSource.java:1466) ~[druid-1.1.0.jar:1.1.0]
	at com.alibaba.druid.pool.DruidAbstractDataSource.createPhysicalConnection(DruidAbstractDataSource.java:1529) ~[druid-1.1.0.jar:1.1.0]
	at com.alibaba.druid.pool.DruidDataSource$CreateConnectionThread.run(DruidDataSource.java:2178) ~[druid-1.1.0.jar:1.1.0]

2018-10-29 14:34:48.038 ERROR 12708 --- [Druid-ConnectionPool-Create-833272193] com.alibaba.druid.pool.DruidDataSource   : create connection error, url: jdbc:mysql:///activiti_web?createDatabaseIfNotExist=true&useUnicode=true&characterEncoding=utf-8&user=root&password=admin, errorCode 1045, state 28000

java.sql.SQLException: Access denied for user 'root'@'localhost' (using password: YES)
	at com.mysql.jdbc.SQLError.createSQLException(SQLError.java:964) ~[mysql-connector-java-5.1.44.jar:5.1.44]
	at com.mysql.jdbc.MysqlIO.checkErrorPacket(MysqlIO.java:3973) ~[mysql-connector-java-5.1.44.jar:5.1.44]
	at com.mysql.jdbc.MysqlIO.checkErrorPacket(MysqlIO.java:3909) ~[mysql-connector-java-5.1.44.jar:5.1.44]
	at com.mysql.jdbc.MysqlIO.checkErrorPacket(MysqlIO.java:873) ~[mysql-connector-java-5.1.44.jar:5.1.44]
	at com.mysql.jdbc.MysqlIO.proceedHandshakeWithPluggableAuthentication(MysqlIO.java:1710) ~[mysql-connector-java-5.1.44.jar:5.1.44]
	at com.mysql.jdbc.MysqlIO.doHandshake(MysqlIO.java:1226) ~[mysql-connector-java-5.1.44.jar:5.1.44]
	at com.mysql.jdbc.ConnectionImpl.coreConnect(ConnectionImpl.java:2191) ~[mysql-connector-java-5.1.44.jar:5.1.44]
	at com.mysql.jdbc.ConnectionImpl.connectOneTryOnly(ConnectionImpl.java:2222) ~[mysql-connector-java-5.1.44.jar:5.1.44]
	at com.mysql.jdbc.ConnectionImpl.createNewIO(ConnectionImpl.java:2017) ~[mysql-connector-java-5.1.44.jar:5.1.44]
	at com.mysql.jdbc.ConnectionImpl.<init>(ConnectionImpl.java:779) ~[mysql-connector-java-5.1.44.jar:5.1.44]
	at com.mysql.jdbc.JDBC4Connection.<init>(JDBC4Connection.java:47) ~[mysql-connector-java-5.1.44.jar:5.1.44]
	at sun.reflect.NativeConstructorAccessorImpl.newInstance0(Native Method) ~[na:1.8.0_151]
	at sun.reflect.NativeConstructorAccessorImpl.newInstance(Unknown Source) ~[na:1.8.0_151]
	at sun.reflect.DelegatingConstructorAccessorImpl.newInstance(Unknown Source) ~[na:1.8.0_151]
	at java.lang.reflect.Constructor.newInstance(Unknown Source) ~[na:1.8.0_151]
	at com.mysql.jdbc.Util.handleNewInstance(Util.java:425) ~[mysql-connector-java-5.1.44.jar:5.1.44]
	at com.mysql.jdbc.ConnectionImpl.getInstance(ConnectionImpl.java:389) ~[mysql-connector-java-5.1.44.jar:5.1.44]
	at com.mysql.jdbc.NonRegisteringDriver.connect(NonRegisteringDriver.java:330) ~[mysql-connector-java-5.1.44.jar:5.1.44]
	at com.alibaba.druid.filter.FilterChainImpl.connection_connect(FilterChainImpl.java:148) ~[druid-1.1.0.jar:1.1.0]
	at com.alibaba.druid.filter.stat.StatFilter.connection_connect(StatFilter.java:217) ~[druid-1.1.0.jar:1.1.0]
	at com.alibaba.druid.filter.FilterChainImpl.connection_connect(FilterChainImpl.java:142) ~[druid-1.1.0.jar:1.1.0]
	at com.alibaba.druid.pool.DruidAbstractDataSource.createPhysicalConnection(DruidAbstractDataSource.java:1466) ~[druid-1.1.0.jar:1.1.0]
	at com.alibaba.druid.pool.DruidAbstractDataSource.createPhysicalConnection(DruidAbstractDataSource.java:1529) ~[druid-1.1.0.jar:1.1.0]
	at com.alibaba.druid.pool.DruidDataSource$CreateConnectionThread.run(DruidDataSource.java:2178) ~[druid-1.1.0.jar:1.1.0]

2018-10-29 14:34:48.057 ERROR 12708 --- [Druid-ConnectionPool-Create-833272193] com.alibaba.druid.pool.DruidDataSource   : create connection error, url: jdbc:mysql:///activiti_web?createDatabaseIfNotExist=true&useUnicode=true&characterEncoding=utf-8&user=root&password=admin, errorCode 1045, state 28000

java.sql.SQLException: Access denied for user 'root'@'localhost' (using password: YES)
	at com.mysql.jdbc.SQLError.createSQLException(SQLError.java:964) ~[mysql-connector-java-5.1.44.jar:5.1.44]
	at com.mysql.jdbc.MysqlIO.checkErrorPacket(MysqlIO.java:3973) ~[mysql-connector-java-5.1.44.jar:5.1.44]
	at com.mysql.jdbc.MysqlIO.checkErrorPacket(MysqlIO.java:3909) ~[mysql-connector-java-5.1.44.jar:5.1.44]
	at com.mysql.jdbc.MysqlIO.checkErrorPacket(MysqlIO.java:873) ~[mysql-connector-java-5.1.44.jar:5.1.44]
	at com.mysql.jdbc.MysqlIO.proceedHandshakeWithPluggableAuthentication(MysqlIO.java:1710) ~[mysql-connector-java-5.1.44.jar:5.1.44]
	at com.mysql.jdbc.MysqlIO.doHandshake(MysqlIO.java:1226) ~[mysql-connector-java-5.1.44.jar:5.1.44]
	at com.mysql.jdbc.ConnectionImpl.coreConnect(ConnectionImpl.java:2191) ~[mysql-connector-java-5.1.44.jar:5.1.44]
	at com.mysql.jdbc.ConnectionImpl.connectOneTryOnly(ConnectionImpl.java:2222) ~[mysql-connector-java-5.1.44.jar:5.1.44]
	at com.mysql.jdbc.ConnectionImpl.createNewIO(ConnectionImpl.java:2017) ~[mysql-connector-java-5.1.44.jar:5.1.44]
	at com.mysql.jdbc.ConnectionImpl.<init>(ConnectionImpl.java:779) ~[mysql-connector-java-5.1.44.jar:5.1.44]
	at com.mysql.jdbc.JDBC4Connection.<init>(JDBC4Connection.java:47) ~[mysql-connector-java-5.1.44.jar:5.1.44]
	at sun.reflect.NativeConstructorAccessorImpl.newInstance0(Native Method) ~[na:1.8.0_151]
	at sun.reflect.NativeConstructorAccessorImpl.newInstance(Unknown Source) ~[na:1.8.0_151]
	at sun.reflect.DelegatingConstructorAccessorImpl.newInstance(Unknown Source) ~[na:1.8.0_151]
	at java.lang.reflect.Constructor.newInstance(Unknown Source) ~[na:1.8.0_151]
	at com.mysql.jdbc.Util.handleNewInstance(Util.java:425) ~[mysql-connector-java-5.1.44.jar:5.1.44]
	at com.mysql.jdbc.ConnectionImpl.getInstance(ConnectionImpl.java:389) ~[mysql-connector-java-5.1.44.jar:5.1.44]
	at com.mysql.jdbc.NonRegisteringDriver.connect(NonRegisteringDriver.java:330) ~[mysql-connector-java-5.1.44.jar:5.1.44]
	at com.alibaba.druid.filter.FilterChainImpl.connection_connect(FilterChainImpl.java:148) ~[druid-1.1.0.jar:1.1.0]
	at com.alibaba.druid.filter.stat.StatFilter.connection_connect(StatFilter.java:217) ~[druid-1.1.0.jar:1.1.0]
	at com.alibaba.druid.filter.FilterChainImpl.connection_connect(FilterChainImpl.java:142) ~[druid-1.1.0.jar:1.1.0]
	at com.alibaba.druid.pool.DruidAbstractDataSource.createPhysicalConnection(DruidAbstractDataSource.java:1466) ~[druid-1.1.0.jar:1.1.0]
	at com.alibaba.druid.pool.DruidAbstractDataSource.createPhysicalConnection(DruidAbstractDataSource.java:1529) ~[druid-1.1.0.jar:1.1.0]
	at com.alibaba.druid.pool.DruidDataSource$CreateConnectionThread.run(DruidDataSource.java:2178) ~[druid-1.1.0.jar:1.1.0]

2018-10-29 14:34:48.061 ERROR 12708 --- [Druid-ConnectionPool-Create-833272193] com.alibaba.druid.pool.DruidDataSource   : create connection error, url: jdbc:mysql:///activiti_web?createDatabaseIfNotExist=true&useUnicode=true&characterEncoding=utf-8&user=root&password=admin, errorCode 1045, state 28000

java.sql.SQLException: Access denied for user 'root'@'localhost' (using password: YES)
	at com.mysql.jdbc.SQLError.createSQLException(SQLError.java:964) ~[mysql-connector-java-5.1.44.jar:5.1.44]
	at com.mysql.jdbc.MysqlIO.checkErrorPacket(MysqlIO.java:3973) ~[mysql-connector-java-5.1.44.jar:5.1.44]
	at com.mysql.jdbc.MysqlIO.checkErrorPacket(MysqlIO.java:3909) ~[mysql-connector-java-5.1.44.jar:5.1.44]
	at com.mysql.jdbc.MysqlIO.checkErrorPacket(MysqlIO.java:873) ~[mysql-connector-java-5.1.44.jar:5.1.44]
	at com.mysql.jdbc.MysqlIO.proceedHandshakeWithPluggableAuthentication(MysqlIO.java:1710) ~[mysql-connector-java-5.1.44.jar:5.1.44]
	at com.mysql.jdbc.MysqlIO.doHandshake(MysqlIO.java:1226) ~[mysql-connector-java-5.1.44.jar:5.1.44]
	at com.mysql.jdbc.ConnectionImpl.coreConnect(ConnectionImpl.java:2191) ~[mysql-connector-java-5.1.44.jar:5.1.44]
	at com.mysql.jdbc.ConnectionImpl.connectOneTryOnly(ConnectionImpl.java:2222) ~[mysql-connector-java-5.1.44.jar:5.1.44]
	at com.mysql.jdbc.ConnectionImpl.createNewIO(ConnectionImpl.java:2017) ~[mysql-connector-java-5.1.44.jar:5.1.44]
	at com.mysql.jdbc.ConnectionImpl.<init>(ConnectionImpl.java:779) ~[mysql-connector-java-5.1.44.jar:5.1.44]
	at com.mysql.jdbc.JDBC4Connection.<init>(JDBC4Connection.java:47) ~[mysql-connector-java-5.1.44.jar:5.1.44]
	at sun.reflect.NativeConstructorAccessorImpl.newInstance0(Native Method) ~[na:1.8.0_151]
	at sun.reflect.NativeConstructorAccessorImpl.newInstance(Unknown Source) ~[na:1.8.0_151]
	at sun.reflect.DelegatingConstructorAccessorImpl.newInstance(Unknown Source) ~[na:1.8.0_151]
	at java.lang.reflect.Constructor.newInstance(Unknown Source) ~[na:1.8.0_151]
	at com.mysql.jdbc.Util.handleNewInstance(Util.java:425) ~[mysql-connector-java-5.1.44.jar:5.1.44]
	at com.mysql.jdbc.ConnectionImpl.getInstance(ConnectionImpl.java:389) ~[mysql-connector-java-5.1.44.jar:5.1.44]
	at com.mysql.jdbc.NonRegisteringDriver.connect(NonRegisteringDriver.java:330) ~[mysql-connector-java-5.1.44.jar:5.1.44]
	at com.alibaba.druid.filter.FilterChainImpl.connection_connect(FilterChainImpl.java:148) ~[druid-1.1.0.jar:1.1.0]
	at com.alibaba.druid.filter.stat.StatFilter.connection_connect(StatFilter.java:217) ~[druid-1.1.0.jar:1.1.0]
	at com.alibaba.druid.filter.FilterChainImpl.connection_connect(FilterChainImpl.java:142) ~[druid-1.1.0.jar:1.1.0]
	at com.alibaba.druid.pool.DruidAbstractDataSource.createPhysicalConnection(DruidAbstractDataSource.java:1466) ~[druid-1.1.0.jar:1.1.0]
	at com.alibaba.druid.pool.DruidAbstractDataSource.createPhysicalConnection(DruidAbstractDataSource.java:1529) ~[druid-1.1.0.jar:1.1.0]
	at com.alibaba.druid.pool.DruidDataSource$CreateConnectionThread.run(DruidDataSource.java:2178) ~[druid-1.1.0.jar:1.1.0]

2018-10-29 14:34:48.065 ERROR 12708 --- [Druid-ConnectionPool-Create-833272193] com.alibaba.druid.pool.DruidDataSource   : create connection error, url: jdbc:mysql:///activiti_web?createDatabaseIfNotExist=true&useUnicode=true&characterEncoding=utf-8&user=root&password=admin, errorCode 1045, state 28000

java.sql.SQLException: Access denied for user 'root'@'localhost' (using password: YES)
	at com.mysql.jdbc.SQLError.createSQLException(SQLError.java:964) ~[mysql-connector-java-5.1.44.jar:5.1.44]
	at com.mysql.jdbc.MysqlIO.checkErrorPacket(MysqlIO.java:3973) ~[mysql-connector-java-5.1.44.jar:5.1.44]
	at com.mysql.jdbc.MysqlIO.checkErrorPacket(MysqlIO.java:3909) ~[mysql-connector-java-5.1.44.jar:5.1.44]
	at com.mysql.jdbc.MysqlIO.checkErrorPacket(MysqlIO.java:873) ~[mysql-connector-java-5.1.44.jar:5.1.44]
	at com.mysql.jdbc.MysqlIO.proceedHandshakeWithPluggableAuthentication(MysqlIO.java:1710) ~[mysql-connector-java-5.1.44.jar:5.1.44]
	at com.mysql.jdbc.MysqlIO.doHandshake(MysqlIO.java:1226) ~[mysql-connector-java-5.1.44.jar:5.1.44]
	at com.mysql.jdbc.ConnectionImpl.coreConnect(ConnectionImpl.java:2191) ~[mysql-connector-java-5.1.44.jar:5.1.44]
	at com.mysql.jdbc.ConnectionImpl.connectOneTryOnly(ConnectionImpl.java:2222) ~[mysql-connector-java-5.1.44.jar:5.1.44]
	at com.mysql.jdbc.ConnectionImpl.createNewIO(ConnectionImpl.java:2017) ~[mysql-connector-java-5.1.44.jar:5.1.44]
	at com.mysql.jdbc.ConnectionImpl.<init>(ConnectionImpl.java:779) ~[mysql-connector-java-5.1.44.jar:5.1.44]
	at com.mysql.jdbc.JDBC4Connection.<init>(JDBC4Connection.java:47) ~[mysql-connector-java-5.1.44.jar:5.1.44]
	at sun.reflect.NativeConstructorAccessorImpl.newInstance0(Native Method) ~[na:1.8.0_151]
	at sun.reflect.NativeConstructorAccessorImpl.newInstance(Unknown Source) ~[na:1.8.0_151]
	at sun.reflect.DelegatingConstructorAccessorImpl.newInstance(Unknown Source) ~[na:1.8.0_151]
	at java.lang.reflect.Constructor.newInstance(Unknown Source) ~[na:1.8.0_151]
	at com.mysql.jdbc.Util.handleNewInstance(Util.java:425) ~[mysql-connector-java-5.1.44.jar:5.1.44]
	at com.mysql.jdbc.ConnectionImpl.getInstance(ConnectionImpl.java:389) ~[mysql-connector-java-5.1.44.jar:5.1.44]
	at com.mysql.jdbc.NonRegisteringDriver.connect(NonRegisteringDriver.java:330) ~[mysql-connector-java-5.1.44.jar:5.1.44]
	at com.alibaba.druid.filter.FilterChainImpl.connection_connect(FilterChainImpl.java:148) ~[druid-1.1.0.jar:1.1.0]
	at com.alibaba.druid.filter.stat.StatFilter.connection_connect(StatFilter.java:217) ~[druid-1.1.0.jar:1.1.0]
	at com.alibaba.druid.filter.FilterChainImpl.connection_connect(FilterChainImpl.java:142) ~[druid-1.1.0.jar:1.1.0]
	at com.alibaba.druid.pool.DruidAbstractDataSource.createPhysicalConnection(DruidAbstractDataSource.java:1466) ~[druid-1.1.0.jar:1.1.0]
	at com.alibaba.druid.pool.DruidAbstractDataSource.createPhysicalConnection(DruidAbstractDataSource.java:1529) ~[druid-1.1.0.jar:1.1.0]
	at com.alibaba.druid.pool.DruidDataSource$CreateConnectionThread.run(DruidDataSource.java:2178) ~[druid-1.1.0.jar:1.1.0]

2018-10-29 14:34:48.073 ERROR 12708 --- [Druid-ConnectionPool-Create-833272193] com.alibaba.druid.pool.DruidDataSource   : create connection error, url: jdbc:mysql:///activiti_web?createDatabaseIfNotExist=true&useUnicode=true&characterEncoding=utf-8&user=root&password=admin, errorCode 1045, state 28000

java.sql.SQLException: Access denied for user 'root'@'localhost' (using password: YES)
	at com.mysql.jdbc.SQLError.createSQLException(SQLError.java:964) ~[mysql-connector-java-5.1.44.jar:5.1.44]
	at com.mysql.jdbc.MysqlIO.checkErrorPacket(MysqlIO.java:3973) ~[mysql-connector-java-5.1.44.jar:5.1.44]
	at com.mysql.jdbc.MysqlIO.checkErrorPacket(MysqlIO.java:3909) ~[mysql-connector-java-5.1.44.jar:5.1.44]
	at com.mysql.jdbc.MysqlIO.checkErrorPacket(MysqlIO.java:873) ~[mysql-connector-java-5.1.44.jar:5.1.44]
	at com.mysql.jdbc.MysqlIO.proceedHandshakeWithPluggableAuthentication(MysqlIO.java:1710) ~[mysql-connector-java-5.1.44.jar:5.1.44]
	at com.mysql.jdbc.MysqlIO.doHandshake(MysqlIO.java:1226) ~[mysql-connector-java-5.1.44.jar:5.1.44]
	at com.mysql.jdbc.ConnectionImpl.coreConnect(ConnectionImpl.java:2191) ~[mysql-connector-java-5.1.44.jar:5.1.44]
	at com.mysql.jdbc.ConnectionImpl.connectOneTryOnly(ConnectionImpl.java:2222) ~[mysql-connector-java-5.1.44.jar:5.1.44]
	at com.mysql.jdbc.ConnectionImpl.createNewIO(ConnectionImpl.java:2017) ~[mysql-connector-java-5.1.44.jar:5.1.44]
	at com.mysql.jdbc.ConnectionImpl.<init>(ConnectionImpl.java:779) ~[mysql-connector-java-5.1.44.jar:5.1.44]
	at com.mysql.jdbc.JDBC4Connection.<init>(JDBC4Connection.java:47) ~[mysql-connector-java-5.1.44.jar:5.1.44]
	at sun.reflect.NativeConstructorAccessorImpl.newInstance0(Native Method) ~[na:1.8.0_151]
	at sun.reflect.NativeConstructorAccessorImpl.newInstance(Unknown Source) ~[na:1.8.0_151]
	at sun.reflect.DelegatingConstructorAccessorImpl.newInstance(Unknown Source) ~[na:1.8.0_151]
	at java.lang.reflect.Constructor.newInstance(Unknown Source) ~[na:1.8.0_151]
	at com.mysql.jdbc.Util.handleNewInstance(Util.java:425) ~[mysql-connector-java-5.1.44.jar:5.1.44]
	at com.mysql.jdbc.ConnectionImpl.getInstance(ConnectionImpl.java:389) ~[mysql-connector-java-5.1.44.jar:5.1.44]
	at com.mysql.jdbc.NonRegisteringDriver.connect(NonRegisteringDriver.java:330) ~[mysql-connector-java-5.1.44.jar:5.1.44]
	at com.alibaba.druid.filter.FilterChainImpl.connection_connect(FilterChainImpl.java:148) ~[druid-1.1.0.jar:1.1.0]
	at com.alibaba.druid.filter.stat.StatFilter.connection_connect(StatFilter.java:217) ~[druid-1.1.0.jar:1.1.0]
	at com.alibaba.druid.filter.FilterChainImpl.connection_connect(FilterChainImpl.java:142) ~[druid-1.1.0.jar:1.1.0]
	at com.alibaba.druid.pool.DruidAbstractDataSource.createPhysicalConnection(DruidAbstractDataSource.java:1466) ~[druid-1.1.0.jar:1.1.0]
	at com.alibaba.druid.pool.DruidAbstractDataSource.createPhysicalConnection(DruidAbstractDataSource.java:1529) ~[druid-1.1.0.jar:1.1.0]
	at com.alibaba.druid.pool.DruidDataSource$CreateConnectionThread.run(DruidDataSource.java:2178) ~[druid-1.1.0.jar:1.1.0]

2018-10-29 14:34:48.084 ERROR 12708 --- [Druid-ConnectionPool-Create-833272193] com.alibaba.druid.pool.DruidDataSource   : create connection error, url: jdbc:mysql:///activiti_web?createDatabaseIfNotExist=true&useUnicode=true&characterEncoding=utf-8&user=root&password=admin, errorCode 1045, state 28000

java.sql.SQLException: Access denied for user 'root'@'localhost' (using password: YES)
	at com.mysql.jdbc.SQLError.createSQLException(SQLError.java:964) ~[mysql-connector-java-5.1.44.jar:5.1.44]
	at com.mysql.jdbc.MysqlIO.checkErrorPacket(MysqlIO.java:3973) ~[mysql-connector-java-5.1.44.jar:5.1.44]
	at com.mysql.jdbc.MysqlIO.checkErrorPacket(MysqlIO.java:3909) ~[mysql-connector-java-5.1.44.jar:5.1.44]
	at com.mysql.jdbc.MysqlIO.checkErrorPacket(MysqlIO.java:873) ~[mysql-connector-java-5.1.44.jar:5.1.44]
	at com.mysql.jdbc.MysqlIO.proceedHandshakeWithPluggableAuthentication(MysqlIO.java:1710) ~[mysql-connector-java-5.1.44.jar:5.1.44]
	at com.mysql.jdbc.MysqlIO.doHandshake(MysqlIO.java:1226) ~[mysql-connector-java-5.1.44.jar:5.1.44]
	at com.mysql.jdbc.ConnectionImpl.coreConnect(ConnectionImpl.java:2191) ~[mysql-connector-java-5.1.44.jar:5.1.44]
	at com.mysql.jdbc.ConnectionImpl.connectOneTryOnly(ConnectionImpl.java:2222) ~[mysql-connector-java-5.1.44.jar:5.1.44]
	at com.mysql.jdbc.ConnectionImpl.createNewIO(ConnectionImpl.java:2017) ~[mysql-connector-java-5.1.44.jar:5.1.44]
	at com.mysql.jdbc.ConnectionImpl.<init>(ConnectionImpl.java:779) ~[mysql-connector-java-5.1.44.jar:5.1.44]
	at com.mysql.jdbc.JDBC4Connection.<init>(JDBC4Connection.java:47) ~[mysql-connector-java-5.1.44.jar:5.1.44]
	at sun.reflect.NativeConstructorAccessorImpl.newInstance0(Native Method) ~[na:1.8.0_151]
	at sun.reflect.NativeConstructorAccessorImpl.newInstance(Unknown Source) ~[na:1.8.0_151]
	at sun.reflect.DelegatingConstructorAccessorImpl.newInstance(Unknown Source) ~[na:1.8.0_151]
	at java.lang.reflect.Constructor.newInstance(Unknown Source) ~[na:1.8.0_151]
	at com.mysql.jdbc.Util.handleNewInstance(Util.java:425) ~[mysql-connector-java-5.1.44.jar:5.1.44]
	at com.mysql.jdbc.ConnectionImpl.getInstance(ConnectionImpl.java:389) ~[mysql-connector-java-5.1.44.jar:5.1.44]
	at com.mysql.jdbc.NonRegisteringDriver.connect(NonRegisteringDriver.java:330) ~[mysql-connector-java-5.1.44.jar:5.1.44]
	at com.alibaba.druid.filter.FilterChainImpl.connection_connect(FilterChainImpl.java:148) ~[druid-1.1.0.jar:1.1.0]
	at com.alibaba.druid.filter.stat.StatFilter.connection_connect(StatFilter.java:217) ~[druid-1.1.0.jar:1.1.0]
	at com.alibaba.druid.filter.FilterChainImpl.connection_connect(FilterChainImpl.java:142) ~[druid-1.1.0.jar:1.1.0]
	at com.alibaba.druid.pool.DruidAbstractDataSource.createPhysicalConnection(DruidAbstractDataSource.java:1466) ~[druid-1.1.0.jar:1.1.0]
	at com.alibaba.druid.pool.DruidAbstractDataSource.createPhysicalConnection(DruidAbstractDataSource.java:1529) ~[druid-1.1.0.jar:1.1.0]
	at com.alibaba.druid.pool.DruidDataSource$CreateConnectionThread.run(DruidDataSource.java:2178) ~[druid-1.1.0.jar:1.1.0]

2018-10-29 14:34:48.097 ERROR 12708 --- [Druid-ConnectionPool-Create-833272193] com.alibaba.druid.pool.DruidDataSource   : create connection error, url: jdbc:mysql:///activiti_web?createDatabaseIfNotExist=true&useUnicode=true&characterEncoding=utf-8&user=root&password=admin, errorCode 1045, state 28000

java.sql.SQLException: Access denied for user 'root'@'localhost' (using password: YES)
	at com.mysql.jdbc.SQLError.createSQLException(SQLError.java:964) ~[mysql-connector-java-5.1.44.jar:5.1.44]
	at com.mysql.jdbc.MysqlIO.checkErrorPacket(MysqlIO.java:3973) ~[mysql-connector-java-5.1.44.jar:5.1.44]
	at com.mysql.jdbc.MysqlIO.checkErrorPacket(MysqlIO.java:3909) ~[mysql-connector-java-5.1.44.jar:5.1.44]
	at com.mysql.jdbc.MysqlIO.checkErrorPacket(MysqlIO.java:873) ~[mysql-connector-java-5.1.44.jar:5.1.44]
	at com.mysql.jdbc.MysqlIO.proceedHandshakeWithPluggableAuthentication(MysqlIO.java:1710) ~[mysql-connector-java-5.1.44.jar:5.1.44]
	at com.mysql.jdbc.MysqlIO.doHandshake(MysqlIO.java:1226) ~[mysql-connector-java-5.1.44.jar:5.1.44]
	at com.mysql.jdbc.ConnectionImpl.coreConnect(ConnectionImpl.java:2191) ~[mysql-connector-java-5.1.44.jar:5.1.44]
	at com.mysql.jdbc.ConnectionImpl.connectOneTryOnly(ConnectionImpl.java:2222) ~[mysql-connector-java-5.1.44.jar:5.1.44]
	at com.mysql.jdbc.ConnectionImpl.createNewIO(ConnectionImpl.java:2017) ~[mysql-connector-java-5.1.44.jar:5.1.44]
	at com.mysql.jdbc.ConnectionImpl.<init>(ConnectionImpl.java:779) ~[mysql-connector-java-5.1.44.jar:5.1.44]
	at com.mysql.jdbc.JDBC4Connection.<init>(JDBC4Connection.java:47) ~[mysql-connector-java-5.1.44.jar:5.1.44]
	at sun.reflect.NativeConstructorAccessorImpl.newInstance0(Native Method) ~[na:1.8.0_151]
	at sun.reflect.NativeConstructorAccessorImpl.newInstance(Unknown Source) ~[na:1.8.0_151]
	at sun.reflect.DelegatingConstructorAccessorImpl.newInstance(Unknown Source) ~[na:1.8.0_151]
	at java.lang.reflect.Constructor.newInstance(Unknown Source) ~[na:1.8.0_151]
	at com.mysql.jdbc.Util.handleNewInstance(Util.java:425) ~[mysql-connector-java-5.1.44.jar:5.1.44]
	at com.mysql.jdbc.ConnectionImpl.getInstance(ConnectionImpl.java:389) ~[mysql-connector-java-5.1.44.jar:5.1.44]
	at com.mysql.jdbc.NonRegisteringDriver.connect(NonRegisteringDriver.java:330) ~[mysql-connector-java-5.1.44.jar:5.1.44]
	at com.alibaba.druid.filter.FilterChainImpl.connection_connect(FilterChainImpl.java:148) ~[druid-1.1.0.jar:1.1.0]
	at com.alibaba.druid.filter.stat.StatFilter.connection_connect(StatFilter.java:217) ~[druid-1.1.0.jar:1.1.0]
	at com.alibaba.druid.filter.FilterChainImpl.connection_connect(FilterChainImpl.java:142) ~[druid-1.1.0.jar:1.1.0]
	at com.alibaba.druid.pool.DruidAbstractDataSource.createPhysicalConnection(DruidAbstractDataSource.java:1466) ~[druid-1.1.0.jar:1.1.0]
	at com.alibaba.druid.pool.DruidAbstractDataSource.createPhysicalConnection(DruidAbstractDataSource.java:1529) ~[druid-1.1.0.jar:1.1.0]
	at com.alibaba.druid.pool.DruidDataSource$CreateConnectionThread.run(DruidDataSource.java:2178) ~[druid-1.1.0.jar:1.1.0]

2018-10-29 14:34:48.102 ERROR 12708 --- [Druid-ConnectionPool-Create-833272193] com.alibaba.druid.pool.DruidDataSource   : create connection error, url: jdbc:mysql:///activiti_web?createDatabaseIfNotExist=true&useUnicode=true&characterEncoding=utf-8&user=root&password=admin, errorCode 1045, state 28000

java.sql.SQLException: Access denied for user 'root'@'localhost' (using password: YES)
	at com.mysql.jdbc.SQLError.createSQLException(SQLError.java:964) ~[mysql-connector-java-5.1.44.jar:5.1.44]
	at com.mysql.jdbc.MysqlIO.checkErrorPacket(MysqlIO.java:3973) ~[mysql-connector-java-5.1.44.jar:5.1.44]
	at com.mysql.jdbc.MysqlIO.checkErrorPacket(MysqlIO.java:3909) ~[mysql-connector-java-5.1.44.jar:5.1.44]
	at com.mysql.jdbc.MysqlIO.checkErrorPacket(MysqlIO.java:873) ~[mysql-connector-java-5.1.44.jar:5.1.44]
	at com.mysql.jdbc.MysqlIO.proceedHandshakeWithPluggableAuthentication(MysqlIO.java:1710) ~[mysql-connector-java-5.1.44.jar:5.1.44]
	at com.mysql.jdbc.MysqlIO.doHandshake(MysqlIO.java:1226) ~[mysql-connector-java-5.1.44.jar:5.1.44]
	at com.mysql.jdbc.ConnectionImpl.coreConnect(ConnectionImpl.java:2191) ~[mysql-connector-java-5.1.44.jar:5.1.44]
	at com.mysql.jdbc.ConnectionImpl.connectOneTryOnly(ConnectionImpl.java:2222) ~[mysql-connector-java-5.1.44.jar:5.1.44]
	at com.mysql.jdbc.ConnectionImpl.createNewIO(ConnectionImpl.java:2017) ~[mysql-connector-java-5.1.44.jar:5.1.44]
	at com.mysql.jdbc.ConnectionImpl.<init>(ConnectionImpl.java:779) ~[mysql-connector-java-5.1.44.jar:5.1.44]
	at com.mysql.jdbc.JDBC4Connection.<init>(JDBC4Connection.java:47) ~[mysql-connector-java-5.1.44.jar:5.1.44]
	at sun.reflect.NativeConstructorAccessorImpl.newInstance0(Native Method) ~[na:1.8.0_151]
	at sun.reflect.NativeConstructorAccessorImpl.newInstance(Unknown Source) ~[na:1.8.0_151]
	at sun.reflect.DelegatingConstructorAccessorImpl.newInstance(Unknown Source) ~[na:1.8.0_151]
	at java.lang.reflect.Constructor.newInstance(Unknown Source) ~[na:1.8.0_151]
	at com.mysql.jdbc.Util.handleNewInstance(Util.java:425) ~[mysql-connector-java-5.1.44.jar:5.1.44]
	at com.mysql.jdbc.ConnectionImpl.getInstance(ConnectionImpl.java:389) ~[mysql-connector-java-5.1.44.jar:5.1.44]
	at com.mysql.jdbc.NonRegisteringDriver.connect(NonRegisteringDriver.java:330) ~[mysql-connector-java-5.1.44.jar:5.1.44]
	at com.alibaba.druid.filter.FilterChainImpl.connection_connect(FilterChainImpl.java:148) ~[druid-1.1.0.jar:1.1.0]
	at com.alibaba.druid.filter.stat.StatFilter.connection_connect(StatFilter.java:217) ~[druid-1.1.0.jar:1.1.0]
	at com.alibaba.druid.filter.FilterChainImpl.connection_connect(FilterChainImpl.java:142) ~[druid-1.1.0.jar:1.1.0]
	at com.alibaba.druid.pool.DruidAbstractDataSource.createPhysicalConnection(DruidAbstractDataSource.java:1466) ~[druid-1.1.0.jar:1.1.0]
	at com.alibaba.druid.pool.DruidAbstractDataSource.createPhysicalConnection(DruidAbstractDataSource.java:1529) ~[druid-1.1.0.jar:1.1.0]
	at com.alibaba.druid.pool.DruidDataSource$CreateConnectionThread.run(DruidDataSource.java:2178) ~[druid-1.1.0.jar:1.1.0]

2018-10-29 14:34:48.107 ERROR 12708 --- [Druid-ConnectionPool-Create-833272193] com.alibaba.druid.pool.DruidDataSource   : create connection error, url: jdbc:mysql:///activiti_web?createDatabaseIfNotExist=true&useUnicode=true&characterEncoding=utf-8&user=root&password=admin, errorCode 1045, state 28000

java.sql.SQLException: Access denied for user 'root'@'localhost' (using password: YES)
	at com.mysql.jdbc.SQLError.createSQLException(SQLError.java:964) ~[mysql-connector-java-5.1.44.jar:5.1.44]
	at com.mysql.jdbc.MysqlIO.checkErrorPacket(MysqlIO.java:3973) ~[mysql-connector-java-5.1.44.jar:5.1.44]
	at com.mysql.jdbc.MysqlIO.checkErrorPacket(MysqlIO.java:3909) ~[mysql-connector-java-5.1.44.jar:5.1.44]
	at com.mysql.jdbc.MysqlIO.checkErrorPacket(MysqlIO.java:873) ~[mysql-connector-java-5.1.44.jar:5.1.44]
	at com.mysql.jdbc.MysqlIO.proceedHandshakeWithPluggableAuthentication(MysqlIO.java:1710) ~[mysql-connector-java-5.1.44.jar:5.1.44]
	at com.mysql.jdbc.MysqlIO.doHandshake(MysqlIO.java:1226) ~[mysql-connector-java-5.1.44.jar:5.1.44]
	at com.mysql.jdbc.ConnectionImpl.coreConnect(ConnectionImpl.java:2191) ~[mysql-connector-java-5.1.44.jar:5.1.44]
	at com.mysql.jdbc.ConnectionImpl.connectOneTryOnly(ConnectionImpl.java:2222) ~[mysql-connector-java-5.1.44.jar:5.1.44]
	at com.mysql.jdbc.ConnectionImpl.createNewIO(ConnectionImpl.java:2017) ~[mysql-connector-java-5.1.44.jar:5.1.44]
	at com.mysql.jdbc.ConnectionImpl.<init>(ConnectionImpl.java:779) ~[mysql-connector-java-5.1.44.jar:5.1.44]
	at com.mysql.jdbc.JDBC4Connection.<init>(JDBC4Connection.java:47) ~[mysql-connector-java-5.1.44.jar:5.1.44]
	at sun.reflect.NativeConstructorAccessorImpl.newInstance0(Native Method) ~[na:1.8.0_151]
	at sun.reflect.NativeConstructorAccessorImpl.newInstance(Unknown Source) ~[na:1.8.0_151]
	at sun.reflect.DelegatingConstructorAccessorImpl.newInstance(Unknown Source) ~[na:1.8.0_151]
	at java.lang.reflect.Constructor.newInstance(Unknown Source) ~[na:1.8.0_151]
	at com.mysql.jdbc.Util.handleNewInstance(Util.java:425) ~[mysql-connector-java-5.1.44.jar:5.1.44]
	at com.mysql.jdbc.ConnectionImpl.getInstance(ConnectionImpl.java:389) ~[mysql-connector-java-5.1.44.jar:5.1.44]
	at com.mysql.jdbc.NonRegisteringDriver.connect(NonRegisteringDriver.java:330) ~[mysql-connector-java-5.1.44.jar:5.1.44]
	at com.alibaba.druid.filter.FilterChainImpl.connection_connect(FilterChainImpl.java:148) ~[druid-1.1.0.jar:1.1.0]
	at com.alibaba.druid.filter.stat.StatFilter.connection_connect(StatFilter.java:217) ~[druid-1.1.0.jar:1.1.0]
	at com.alibaba.druid.filter.FilterChainImpl.connection_connect(FilterChainImpl.java:142) ~[druid-1.1.0.jar:1.1.0]
	at com.alibaba.druid.pool.DruidAbstractDataSource.createPhysicalConnection(DruidAbstractDataSource.java:1466) ~[druid-1.1.0.jar:1.1.0]
	at com.alibaba.druid.pool.DruidAbstractDataSource.createPhysicalConnection(DruidAbstractDataSource.java:1529) ~[druid-1.1.0.jar:1.1.0]
	at com.alibaba.druid.pool.DruidDataSource$CreateConnectionThread.run(DruidDataSource.java:2178) ~[druid-1.1.0.jar:1.1.0]

2018-10-29 14:34:48.112 ERROR 12708 --- [Druid-ConnectionPool-Create-833272193] com.alibaba.druid.pool.DruidDataSource   : create connection error, url: jdbc:mysql:///activiti_web?createDatabaseIfNotExist=true&useUnicode=true&characterEncoding=utf-8&user=root&password=admin, errorCode 1045, state 28000

java.sql.SQLException: Access denied for user 'root'@'localhost' (using password: YES)
	at com.mysql.jdbc.SQLError.createSQLException(SQLError.java:964) ~[mysql-connector-java-5.1.44.jar:5.1.44]
	at com.mysql.jdbc.MysqlIO.checkErrorPacket(MysqlIO.java:3973) ~[mysql-connector-java-5.1.44.jar:5.1.44]
	at com.mysql.jdbc.MysqlIO.checkErrorPacket(MysqlIO.java:3909) ~[mysql-connector-java-5.1.44.jar:5.1.44]
	at com.mysql.jdbc.MysqlIO.checkErrorPacket(MysqlIO.java:873) ~[mysql-connector-java-5.1.44.jar:5.1.44]
	at com.mysql.jdbc.MysqlIO.proceedHandshakeWithPluggableAuthentication(MysqlIO.java:1710) ~[mysql-connector-java-5.1.44.jar:5.1.44]
	at com.mysql.jdbc.MysqlIO.doHandshake(MysqlIO.java:1226) ~[mysql-connector-java-5.1.44.jar:5.1.44]
	at com.mysql.jdbc.ConnectionImpl.coreConnect(ConnectionImpl.java:2191) ~[mysql-connector-java-5.1.44.jar:5.1.44]
	at com.mysql.jdbc.ConnectionImpl.connectOneTryOnly(ConnectionImpl.java:2222) ~[mysql-connector-java-5.1.44.jar:5.1.44]
	at com.mysql.jdbc.ConnectionImpl.createNewIO(ConnectionImpl.java:2017) ~[mysql-connector-java-5.1.44.jar:5.1.44]
	at com.mysql.jdbc.ConnectionImpl.<init>(ConnectionImpl.java:779) ~[mysql-connector-java-5.1.44.jar:5.1.44]
	at com.mysql.jdbc.JDBC4Connection.<init>(JDBC4Connection.java:47) ~[mysql-connector-java-5.1.44.jar:5.1.44]
	at sun.reflect.NativeConstructorAccessorImpl.newInstance0(Native Method) ~[na:1.8.0_151]
	at sun.reflect.NativeConstructorAccessorImpl.newInstance(Unknown Source) ~[na:1.8.0_151]
	at sun.reflect.DelegatingConstructorAccessorImpl.newInstance(Unknown Source) ~[na:1.8.0_151]
	at java.lang.reflect.Constructor.newInstance(Unknown Source) ~[na:1.8.0_151]
	at com.mysql.jdbc.Util.handleNewInstance(Util.java:425) ~[mysql-connector-java-5.1.44.jar:5.1.44]
	at com.mysql.jdbc.ConnectionImpl.getInstance(ConnectionImpl.java:389) ~[mysql-connector-java-5.1.44.jar:5.1.44]
	at com.mysql.jdbc.NonRegisteringDriver.connect(NonRegisteringDriver.java:330) ~[mysql-connector-java-5.1.44.jar:5.1.44]
	at com.alibaba.druid.filter.FilterChainImpl.connection_connect(FilterChainImpl.java:148) ~[druid-1.1.0.jar:1.1.0]
	at com.alibaba.druid.filter.stat.StatFilter.connection_connect(StatFilter.java:217) ~[druid-1.1.0.jar:1.1.0]
	at com.alibaba.druid.filter.FilterChainImpl.connection_connect(FilterChainImpl.java:142) ~[druid-1.1.0.jar:1.1.0]
	at com.alibaba.druid.pool.DruidAbstractDataSource.createPhysicalConnection(DruidAbstractDataSource.java:1466) ~[druid-1.1.0.jar:1.1.0]
	at com.alibaba.druid.pool.DruidAbstractDataSource.createPhysicalConnection(DruidAbstractDataSource.java:1529) ~[druid-1.1.0.jar:1.1.0]
	at com.alibaba.druid.pool.DruidDataSource$CreateConnectionThread.run(DruidDataSource.java:2178) ~[druid-1.1.0.jar:1.1.0]

2018-10-29 14:34:48.118 ERROR 12708 --- [Druid-ConnectionPool-Create-833272193] com.alibaba.druid.pool.DruidDataSource   : create connection error, url: jdbc:mysql:///activiti_web?createDatabaseIfNotExist=true&useUnicode=true&characterEncoding=utf-8&user=root&password=admin, errorCode 1045, state 28000

java.sql.SQLException: Access denied for user 'root'@'localhost' (using password: YES)
	at com.mysql.jdbc.SQLError.createSQLException(SQLError.java:964) ~[mysql-connector-java-5.1.44.jar:5.1.44]
	at com.mysql.jdbc.MysqlIO.checkErrorPacket(MysqlIO.java:3973) ~[mysql-connector-java-5.1.44.jar:5.1.44]
	at com.mysql.jdbc.MysqlIO.checkErrorPacket(MysqlIO.java:3909) ~[mysql-connector-java-5.1.44.jar:5.1.44]
	at com.mysql.jdbc.MysqlIO.checkErrorPacket(MysqlIO.java:873) ~[mysql-connector-java-5.1.44.jar:5.1.44]
	at com.mysql.jdbc.MysqlIO.proceedHandshakeWithPluggableAuthentication(MysqlIO.java:1710) ~[mysql-connector-java-5.1.44.jar:5.1.44]
	at com.mysql.jdbc.MysqlIO.doHandshake(MysqlIO.java:1226) ~[mysql-connector-java-5.1.44.jar:5.1.44]
	at com.mysql.jdbc.ConnectionImpl.coreConnect(ConnectionImpl.java:2191) ~[mysql-connector-java-5.1.44.jar:5.1.44]
	at com.mysql.jdbc.ConnectionImpl.connectOneTryOnly(ConnectionImpl.java:2222) ~[mysql-connector-java-5.1.44.jar:5.1.44]
	at com.mysql.jdbc.ConnectionImpl.createNewIO(ConnectionImpl.java:2017) ~[mysql-connector-java-5.1.44.jar:5.1.44]
	at com.mysql.jdbc.ConnectionImpl.<init>(ConnectionImpl.java:779) ~[mysql-connector-java-5.1.44.jar:5.1.44]
	at com.mysql.jdbc.JDBC4Connection.<init>(JDBC4Connection.java:47) ~[mysql-connector-java-5.1.44.jar:5.1.44]
	at sun.reflect.GeneratedConstructorAccessor34.newInstance(Unknown Source) ~[na:na]
	at sun.reflect.DelegatingConstructorAccessorImpl.newInstance(Unknown Source) ~[na:1.8.0_151]
	at java.lang.reflect.Constructor.newInstance(Unknown Source) ~[na:1.8.0_151]
	at com.mysql.jdbc.Util.handleNewInstance(Util.java:425) ~[mysql-connector-java-5.1.44.jar:5.1.44]
	at com.mysql.jdbc.ConnectionImpl.getInstance(ConnectionImpl.java:389) ~[mysql-connector-java-5.1.44.jar:5.1.44]
	at com.mysql.jdbc.NonRegisteringDriver.connect(NonRegisteringDriver.java:330) ~[mysql-connector-java-5.1.44.jar:5.1.44]
	at com.alibaba.druid.filter.FilterChainImpl.connection_connect(FilterChainImpl.java:148) ~[druid-1.1.0.jar:1.1.0]
	at com.alibaba.druid.filter.stat.StatFilter.connection_connect(StatFilter.java:217) ~[druid-1.1.0.jar:1.1.0]
	at com.alibaba.druid.filter.FilterChainImpl.connection_connect(FilterChainImpl.java:142) ~[druid-1.1.0.jar:1.1.0]
	at com.alibaba.druid.pool.DruidAbstractDataSource.createPhysicalConnection(DruidAbstractDataSource.java:1466) ~[druid-1.1.0.jar:1.1.0]
	at com.alibaba.druid.pool.DruidAbstractDataSource.createPhysicalConnection(DruidAbstractDataSource.java:1529) ~[druid-1.1.0.jar:1.1.0]
	at com.alibaba.druid.pool.DruidDataSource$CreateConnectionThread.run(DruidDataSource.java:2178) ~[druid-1.1.0.jar:1.1.0]

2018-10-29 14:34:48.122 ERROR 12708 --- [Druid-ConnectionPool-Create-833272193] com.alibaba.druid.pool.DruidDataSource   : create connection error, url: jdbc:mysql:///activiti_web?createDatabaseIfNotExist=true&useUnicode=true&characterEncoding=utf-8&user=root&password=admin, errorCode 1045, state 28000

java.sql.SQLException: Access denied for user 'root'@'localhost' (using password: YES)
	at com.mysql.jdbc.SQLError.createSQLException(SQLError.java:964) ~[mysql-connector-java-5.1.44.jar:5.1.44]
	at com.mysql.jdbc.MysqlIO.checkErrorPacket(MysqlIO.java:3973) ~[mysql-connector-java-5.1.44.jar:5.1.44]
	at com.mysql.jdbc.MysqlIO.checkErrorPacket(MysqlIO.java:3909) ~[mysql-connector-java-5.1.44.jar:5.1.44]
	at com.mysql.jdbc.MysqlIO.checkErrorPacket(MysqlIO.java:873) ~[mysql-connector-java-5.1.44.jar:5.1.44]
	at com.mysql.jdbc.MysqlIO.proceedHandshakeWithPluggableAuthentication(MysqlIO.java:1710) ~[mysql-connector-java-5.1.44.jar:5.1.44]
	at com.mysql.jdbc.MysqlIO.doHandshake(MysqlIO.java:1226) ~[mysql-connector-java-5.1.44.jar:5.1.44]
	at com.mysql.jdbc.ConnectionImpl.coreConnect(ConnectionImpl.java:2191) ~[mysql-connector-java-5.1.44.jar:5.1.44]
	at com.mysql.jdbc.ConnectionImpl.connectOneTryOnly(ConnectionImpl.java:2222) ~[mysql-connector-java-5.1.44.jar:5.1.44]
	at com.mysql.jdbc.ConnectionImpl.createNewIO(ConnectionImpl.java:2017) ~[mysql-connector-java-5.1.44.jar:5.1.44]
	at com.mysql.jdbc.ConnectionImpl.<init>(ConnectionImpl.java:779) ~[mysql-connector-java-5.1.44.jar:5.1.44]
	at com.mysql.jdbc.JDBC4Connection.<init>(JDBC4Connection.java:47) ~[mysql-connector-java-5.1.44.jar:5.1.44]
	at sun.reflect.GeneratedConstructorAccessor34.newInstance(Unknown Source) ~[na:na]
	at sun.reflect.DelegatingConstructorAccessorImpl.newInstance(Unknown Source) ~[na:1.8.0_151]
	at java.lang.reflect.Constructor.newInstance(Unknown Source) ~[na:1.8.0_151]
	at com.mysql.jdbc.Util.handleNewInstance(Util.java:425) ~[mysql-connector-java-5.1.44.jar:5.1.44]
	at com.mysql.jdbc.ConnectionImpl.getInstance(ConnectionImpl.java:389) ~[mysql-connector-java-5.1.44.jar:5.1.44]
	at com.mysql.jdbc.NonRegisteringDriver.connect(NonRegisteringDriver.java:330) ~[mysql-connector-java-5.1.44.jar:5.1.44]
	at com.alibaba.druid.filter.FilterChainImpl.connection_connect(FilterChainImpl.java:148) ~[druid-1.1.0.jar:1.1.0]
	at com.alibaba.druid.filter.stat.StatFilter.connection_connect(StatFilter.java:217) ~[druid-1.1.0.jar:1.1.0]
	at com.alibaba.druid.filter.FilterChainImpl.connection_connect(FilterChainImpl.java:142) ~[druid-1.1.0.jar:1.1.0]
	at com.alibaba.druid.pool.DruidAbstractDataSource.createPhysicalConnection(DruidAbstractDataSource.java:1466) ~[druid-1.1.0.jar:1.1.0]
	at com.alibaba.druid.pool.DruidAbstractDataSource.createPhysicalConnection(DruidAbstractDataSource.java:1529) ~[druid-1.1.0.jar:1.1.0]
	at com.alibaba.druid.pool.DruidDataSource$CreateConnectionThread.run(DruidDataSource.java:2178) ~[druid-1.1.0.jar:1.1.0]

2018-10-29 14:34:48.126 ERROR 12708 --- [Druid-ConnectionPool-Create-833272193] com.alibaba.druid.pool.DruidDataSource   : create connection error, url: jdbc:mysql:///activiti_web?createDatabaseIfNotExist=true&useUnicode=true&characterEncoding=utf-8&user=root&password=admin, errorCode 1045, state 28000

java.sql.SQLException: Access denied for user 'root'@'localhost' (using password: YES)
	at com.mysql.jdbc.SQLError.createSQLException(SQLError.java:964) ~[mysql-connector-java-5.1.44.jar:5.1.44]
	at com.mysql.jdbc.MysqlIO.checkErrorPacket(MysqlIO.java:3973) ~[mysql-connector-java-5.1.44.jar:5.1.44]
	at com.mysql.jdbc.MysqlIO.checkErrorPacket(MysqlIO.java:3909) ~[mysql-connector-java-5.1.44.jar:5.1.44]
	at com.mysql.jdbc.MysqlIO.checkErrorPacket(MysqlIO.java:873) ~[mysql-connector-java-5.1.44.jar:5.1.44]
	at com.mysql.jdbc.MysqlIO.proceedHandshakeWithPluggableAuthentication(MysqlIO.java:1710) ~[mysql-connector-java-5.1.44.jar:5.1.44]
	at com.mysql.jdbc.MysqlIO.doHandshake(MysqlIO.java:1226) ~[mysql-connector-java-5.1.44.jar:5.1.44]
	at com.mysql.jdbc.ConnectionImpl.coreConnect(ConnectionImpl.java:2191) ~[mysql-connector-java-5.1.44.jar:5.1.44]
	at com.mysql.jdbc.ConnectionImpl.connectOneTryOnly(ConnectionImpl.java:2222) ~[mysql-connector-java-5.1.44.jar:5.1.44]
	at com.mysql.jdbc.ConnectionImpl.createNewIO(ConnectionImpl.java:2017) ~[mysql-connector-java-5.1.44.jar:5.1.44]
	at com.mysql.jdbc.ConnectionImpl.<init>(ConnectionImpl.java:779) ~[mysql-connector-java-5.1.44.jar:5.1.44]
	at com.mysql.jdbc.JDBC4Connection.<init>(JDBC4Connection.java:47) ~[mysql-connector-java-5.1.44.jar:5.1.44]
	at sun.reflect.GeneratedConstructorAccessor34.newInstance(Unknown Source) ~[na:na]
	at sun.reflect.DelegatingConstructorAccessorImpl.newInstance(Unknown Source) ~[na:1.8.0_151]
	at java.lang.reflect.Constructor.newInstance(Unknown Source) ~[na:1.8.0_151]
	at com.mysql.jdbc.Util.handleNewInstance(Util.java:425) ~[mysql-connector-java-5.1.44.jar:5.1.44]
	at com.mysql.jdbc.ConnectionImpl.getInstance(ConnectionImpl.java:389) ~[mysql-connector-java-5.1.44.jar:5.1.44]
	at com.mysql.jdbc.NonRegisteringDriver.connect(NonRegisteringDriver.java:330) ~[mysql-connector-java-5.1.44.jar:5.1.44]
	at com.alibaba.druid.filter.FilterChainImpl.connection_connect(FilterChainImpl.java:148) ~[druid-1.1.0.jar:1.1.0]
	at com.alibaba.druid.filter.stat.StatFilter.connection_connect(StatFilter.java:217) ~[druid-1.1.0.jar:1.1.0]
	at com.alibaba.druid.filter.FilterChainImpl.connection_connect(FilterChainImpl.java:142) ~[druid-1.1.0.jar:1.1.0]
	at com.alibaba.druid.pool.DruidAbstractDataSource.createPhysicalConnection(DruidAbstractDataSource.java:1466) ~[druid-1.1.0.jar:1.1.0]
	at com.alibaba.druid.pool.DruidAbstractDataSource.createPhysicalConnection(DruidAbstractDataSource.java:1529) ~[druid-1.1.0.jar:1.1.0]
	at com.alibaba.druid.pool.DruidDataSource$CreateConnectionThread.run(DruidDataSource.java:2178) ~[druid-1.1.0.jar:1.1.0]

2018-10-29 14:34:48.131 ERROR 12708 --- [Druid-ConnectionPool-Create-833272193] com.alibaba.druid.pool.DruidDataSource   : create connection error, url: jdbc:mysql:///activiti_web?createDatabaseIfNotExist=true&useUnicode=true&characterEncoding=utf-8&user=root&password=admin, errorCode 1045, state 28000

java.sql.SQLException: Access denied for user 'root'@'localhost' (using password: YES)
	at com.mysql.jdbc.SQLError.createSQLException(SQLError.java:964) ~[mysql-connector-java-5.1.44.jar:5.1.44]
	at com.mysql.jdbc.MysqlIO.checkErrorPacket(MysqlIO.java:3973) ~[mysql-connector-java-5.1.44.jar:5.1.44]
	at com.mysql.jdbc.MysqlIO.checkErrorPacket(MysqlIO.java:3909) ~[mysql-connector-java-5.1.44.jar:5.1.44]
	at com.mysql.jdbc.MysqlIO.checkErrorPacket(MysqlIO.java:873) ~[mysql-connector-java-5.1.44.jar:5.1.44]
	at com.mysql.jdbc.MysqlIO.proceedHandshakeWithPluggableAuthentication(MysqlIO.java:1710) ~[mysql-connector-java-5.1.44.jar:5.1.44]
	at com.mysql.jdbc.MysqlIO.doHandshake(MysqlIO.java:1226) ~[mysql-connector-java-5.1.44.jar:5.1.44]
	at com.mysql.jdbc.ConnectionImpl.coreConnect(ConnectionImpl.java:2191) ~[mysql-connector-java-5.1.44.jar:5.1.44]
	at com.mysql.jdbc.ConnectionImpl.connectOneTryOnly(ConnectionImpl.java:2222) ~[mysql-connector-java-5.1.44.jar:5.1.44]
	at com.mysql.jdbc.ConnectionImpl.createNewIO(ConnectionImpl.java:2017) ~[mysql-connector-java-5.1.44.jar:5.1.44]
	at com.mysql.jdbc.ConnectionImpl.<init>(ConnectionImpl.java:779) ~[mysql-connector-java-5.1.44.jar:5.1.44]
	at com.mysql.jdbc.JDBC4Connection.<init>(JDBC4Connection.java:47) ~[mysql-connector-java-5.1.44.jar:5.1.44]
	at sun.reflect.GeneratedConstructorAccessor34.newInstance(Unknown Source) ~[na:na]
	at sun.reflect.DelegatingConstructorAccessorImpl.newInstance(Unknown Source) ~[na:1.8.0_151]
	at java.lang.reflect.Constructor.newInstance(Unknown Source) ~[na:1.8.0_151]
	at com.mysql.jdbc.Util.handleNewInstance(Util.java:425) ~[mysql-connector-java-5.1.44.jar:5.1.44]
	at com.mysql.jdbc.ConnectionImpl.getInstance(ConnectionImpl.java:389) ~[mysql-connector-java-5.1.44.jar:5.1.44]
	at com.mysql.jdbc.NonRegisteringDriver.connect(NonRegisteringDriver.java:330) ~[mysql-connector-java-5.1.44.jar:5.1.44]
	at com.alibaba.druid.filter.FilterChainImpl.connection_connect(FilterChainImpl.java:148) ~[druid-1.1.0.jar:1.1.0]
	at com.alibaba.druid.filter.stat.StatFilter.connection_connect(StatFilter.java:217) ~[druid-1.1.0.jar:1.1.0]
	at com.alibaba.druid.filter.FilterChainImpl.connection_connect(FilterChainImpl.java:142) ~[druid-1.1.0.jar:1.1.0]
	at com.alibaba.druid.pool.DruidAbstractDataSource.createPhysicalConnection(DruidAbstractDataSource.java:1466) ~[druid-1.1.0.jar:1.1.0]
	at com.alibaba.druid.pool.DruidAbstractDataSource.createPhysicalConnection(DruidAbstractDataSource.java:1529) ~[druid-1.1.0.jar:1.1.0]
	at com.alibaba.druid.pool.DruidDataSource$CreateConnectionThread.run(DruidDataSource.java:2178) ~[druid-1.1.0.jar:1.1.0]

2018-10-29 14:34:48.134 ERROR 12708 --- [Druid-ConnectionPool-Create-833272193] com.alibaba.druid.pool.DruidDataSource   : create connection error, url: jdbc:mysql:///activiti_web?createDatabaseIfNotExist=true&useUnicode=true&characterEncoding=utf-8&user=root&password=admin, errorCode 1045, state 28000

java.sql.SQLException: Access denied for user 'root'@'localhost' (using password: YES)
	at com.mysql.jdbc.SQLError.createSQLException(SQLError.java:964) ~[mysql-connector-java-5.1.44.jar:5.1.44]
	at com.mysql.jdbc.MysqlIO.checkErrorPacket(MysqlIO.java:3973) ~[mysql-connector-java-5.1.44.jar:5.1.44]
	at com.mysql.jdbc.MysqlIO.checkErrorPacket(MysqlIO.java:3909) ~[mysql-connector-java-5.1.44.jar:5.1.44]
	at com.mysql.jdbc.MysqlIO.checkErrorPacket(MysqlIO.java:873) ~[mysql-connector-java-5.1.44.jar:5.1.44]
	at com.mysql.jdbc.MysqlIO.proceedHandshakeWithPluggableAuthentication(MysqlIO.java:1710) ~[mysql-connector-java-5.1.44.jar:5.1.44]
	at com.mysql.jdbc.MysqlIO.doHandshake(MysqlIO.java:1226) ~[mysql-connector-java-5.1.44.jar:5.1.44]
	at com.mysql.jdbc.ConnectionImpl.coreConnect(ConnectionImpl.java:2191) ~[mysql-connector-java-5.1.44.jar:5.1.44]
	at com.mysql.jdbc.ConnectionImpl.connectOneTryOnly(ConnectionImpl.java:2222) ~[mysql-connector-java-5.1.44.jar:5.1.44]
	at com.mysql.jdbc.ConnectionImpl.createNewIO(ConnectionImpl.java:2017) ~[mysql-connector-java-5.1.44.jar:5.1.44]
	at com.mysql.jdbc.ConnectionImpl.<init>(ConnectionImpl.java:779) ~[mysql-connector-java-5.1.44.jar:5.1.44]
	at com.mysql.jdbc.JDBC4Connection.<init>(JDBC4Connection.java:47) ~[mysql-connector-java-5.1.44.jar:5.1.44]
	at sun.reflect.GeneratedConstructorAccessor34.newInstance(Unknown Source) ~[na:na]
	at sun.reflect.DelegatingConstructorAccessorImpl.newInstance(Unknown Source) ~[na:1.8.0_151]
	at java.lang.reflect.Constructor.newInstance(Unknown Source) ~[na:1.8.0_151]
	at com.mysql.jdbc.Util.handleNewInstance(Util.java:425) ~[mysql-connector-java-5.1.44.jar:5.1.44]
	at com.mysql.jdbc.ConnectionImpl.getInstance(ConnectionImpl.java:389) ~[mysql-connector-java-5.1.44.jar:5.1.44]
	at com.mysql.jdbc.NonRegisteringDriver.connect(NonRegisteringDriver.java:330) ~[mysql-connector-java-5.1.44.jar:5.1.44]
	at com.alibaba.druid.filter.FilterChainImpl.connection_connect(FilterChainImpl.java:148) ~[druid-1.1.0.jar:1.1.0]
	at com.alibaba.druid.filter.stat.StatFilter.connection_connect(StatFilter.java:217) ~[druid-1.1.0.jar:1.1.0]
	at com.alibaba.druid.filter.FilterChainImpl.connection_connect(FilterChainImpl.java:142) ~[druid-1.1.0.jar:1.1.0]
	at com.alibaba.druid.pool.DruidAbstractDataSource.createPhysicalConnection(DruidAbstractDataSource.java:1466) ~[druid-1.1.0.jar:1.1.0]
	at com.alibaba.druid.pool.DruidAbstractDataSource.createPhysicalConnection(DruidAbstractDataSource.java:1529) ~[druid-1.1.0.jar:1.1.0]
	at com.alibaba.druid.pool.DruidDataSource$CreateConnectionThread.run(DruidDataSource.java:2178) ~[druid-1.1.0.jar:1.1.0]

2018-10-29 14:34:48.138 ERROR 12708 --- [Druid-ConnectionPool-Create-833272193] com.alibaba.druid.pool.DruidDataSource   : create connection error, url: jdbc:mysql:///activiti_web?createDatabaseIfNotExist=true&useUnicode=true&characterEncoding=utf-8&user=root&password=admin, errorCode 1045, state 28000

java.sql.SQLException: Access denied for user 'root'@'localhost' (using password: YES)
	at com.mysql.jdbc.SQLError.createSQLException(SQLError.java:964) ~[mysql-connector-java-5.1.44.jar:5.1.44]
	at com.mysql.jdbc.MysqlIO.checkErrorPacket(MysqlIO.java:3973) ~[mysql-connector-java-5.1.44.jar:5.1.44]
	at com.mysql.jdbc.MysqlIO.checkErrorPacket(MysqlIO.java:3909) ~[mysql-connector-java-5.1.44.jar:5.1.44]
	at com.mysql.jdbc.MysqlIO.checkErrorPacket(MysqlIO.java:873) ~[mysql-connector-java-5.1.44.jar:5.1.44]
	at com.mysql.jdbc.MysqlIO.proceedHandshakeWithPluggableAuthentication(MysqlIO.java:1710) ~[mysql-connector-java-5.1.44.jar:5.1.44]
	at com.mysql.jdbc.MysqlIO.doHandshake(MysqlIO.java:1226) ~[mysql-connector-java-5.1.44.jar:5.1.44]
	at com.mysql.jdbc.ConnectionImpl.coreConnect(ConnectionImpl.java:2191) ~[mysql-connector-java-5.1.44.jar:5.1.44]
	at com.mysql.jdbc.ConnectionImpl.connectOneTryOnly(ConnectionImpl.java:2222) ~[mysql-connector-java-5.1.44.jar:5.1.44]
	at com.mysql.jdbc.ConnectionImpl.createNewIO(ConnectionImpl.java:2017) ~[mysql-connector-java-5.1.44.jar:5.1.44]
	at com.mysql.jdbc.ConnectionImpl.<init>(ConnectionImpl.java:779) ~[mysql-connector-java-5.1.44.jar:5.1.44]
	at com.mysql.jdbc.JDBC4Connection.<init>(JDBC4Connection.java:47) ~[mysql-connector-java-5.1.44.jar:5.1.44]
	at sun.reflect.GeneratedConstructorAccessor34.newInstance(Unknown Source) ~[na:na]
	at sun.reflect.DelegatingConstructorAccessorImpl.newInstance(Unknown Source) ~[na:1.8.0_151]
	at java.lang.reflect.Constructor.newInstance(Unknown Source) ~[na:1.8.0_151]
	at com.mysql.jdbc.Util.handleNewInstance(Util.java:425) ~[mysql-connector-java-5.1.44.jar:5.1.44]
	at com.mysql.jdbc.ConnectionImpl.getInstance(ConnectionImpl.java:389) ~[mysql-connector-java-5.1.44.jar:5.1.44]
	at com.mysql.jdbc.NonRegisteringDriver.connect(NonRegisteringDriver.java:330) ~[mysql-connector-java-5.1.44.jar:5.1.44]
	at com.alibaba.druid.filter.FilterChainImpl.connection_connect(FilterChainImpl.java:148) ~[druid-1.1.0.jar:1.1.0]
	at com.alibaba.druid.filter.stat.StatFilter.connection_connect(StatFilter.java:217) ~[druid-1.1.0.jar:1.1.0]
	at com.alibaba.druid.filter.FilterChainImpl.connection_connect(FilterChainImpl.java:142) ~[druid-1.1.0.jar:1.1.0]
	at com.alibaba.druid.pool.DruidAbstractDataSource.createPhysicalConnection(DruidAbstractDataSource.java:1466) ~[druid-1.1.0.jar:1.1.0]
	at com.alibaba.druid.pool.DruidAbstractDataSource.createPhysicalConnection(DruidAbstractDataSource.java:1529) ~[druid-1.1.0.jar:1.1.0]
	at com.alibaba.druid.pool.DruidDataSource$CreateConnectionThread.run(DruidDataSource.java:2178) ~[druid-1.1.0.jar:1.1.0]

2018-10-29 14:34:48.155 ERROR 12708 --- [Druid-ConnectionPool-Create-833272193] com.alibaba.druid.pool.DruidDataSource   : create connection error, url: jdbc:mysql:///activiti_web?createDatabaseIfNotExist=true&useUnicode=true&characterEncoding=utf-8&user=root&password=admin, errorCode 1045, state 28000

java.sql.SQLException: Access denied for user 'root'@'localhost' (using password: YES)
	at com.mysql.jdbc.SQLError.createSQLException(SQLError.java:964) ~[mysql-connector-java-5.1.44.jar:5.1.44]
	at com.mysql.jdbc.MysqlIO.checkErrorPacket(MysqlIO.java:3973) ~[mysql-connector-java-5.1.44.jar:5.1.44]
	at com.mysql.jdbc.MysqlIO.checkErrorPacket(MysqlIO.java:3909) ~[mysql-connector-java-5.1.44.jar:5.1.44]
	at com.mysql.jdbc.MysqlIO.checkErrorPacket(MysqlIO.java:873) ~[mysql-connector-java-5.1.44.jar:5.1.44]
	at com.mysql.jdbc.MysqlIO.proceedHandshakeWithPluggableAuthentication(MysqlIO.java:1710) ~[mysql-connector-java-5.1.44.jar:5.1.44]
	at com.mysql.jdbc.MysqlIO.doHandshake(MysqlIO.java:1226) ~[mysql-connector-java-5.1.44.jar:5.1.44]
	at com.mysql.jdbc.ConnectionImpl.coreConnect(ConnectionImpl.java:2191) ~[mysql-connector-java-5.1.44.jar:5.1.44]
	at com.mysql.jdbc.ConnectionImpl.connectOneTryOnly(ConnectionImpl.java:2222) ~[mysql-connector-java-5.1.44.jar:5.1.44]
	at com.mysql.jdbc.ConnectionImpl.createNewIO(ConnectionImpl.java:2017) ~[mysql-connector-java-5.1.44.jar:5.1.44]
	at com.mysql.jdbc.ConnectionImpl.<init>(ConnectionImpl.java:779) ~[mysql-connector-java-5.1.44.jar:5.1.44]
	at com.mysql.jdbc.JDBC4Connection.<init>(JDBC4Connection.java:47) ~[mysql-connector-java-5.1.44.jar:5.1.44]
	at sun.reflect.GeneratedConstructorAccessor34.newInstance(Unknown Source) ~[na:na]
	at sun.reflect.DelegatingConstructorAccessorImpl.newInstance(Unknown Source) ~[na:1.8.0_151]
	at java.lang.reflect.Constructor.newInstance(Unknown Source) ~[na:1.8.0_151]
	at com.mysql.jdbc.Util.handleNewInstance(Util.java:425) ~[mysql-connector-java-5.1.44.jar:5.1.44]
	at com.mysql.jdbc.ConnectionImpl.getInstance(ConnectionImpl.java:389) ~[mysql-connector-java-5.1.44.jar:5.1.44]
	at com.mysql.jdbc.NonRegisteringDriver.connect(NonRegisteringDriver.java:330) ~[mysql-connector-java-5.1.44.jar:5.1.44]
	at com.alibaba.druid.filter.FilterChainImpl.connection_connect(FilterChainImpl.java:148) ~[druid-1.1.0.jar:1.1.0]
	at com.alibaba.druid.filter.stat.StatFilter.connection_connect(StatFilter.java:217) ~[druid-1.1.0.jar:1.1.0]
	at com.alibaba.druid.filter.FilterChainImpl.connection_connect(FilterChainImpl.java:142) ~[druid-1.1.0.jar:1.1.0]
	at com.alibaba.druid.pool.DruidAbstractDataSource.createPhysicalConnection(DruidAbstractDataSource.java:1466) ~[druid-1.1.0.jar:1.1.0]
	at com.alibaba.druid.pool.DruidAbstractDataSource.createPhysicalConnection(DruidAbstractDataSource.java:1529) ~[druid-1.1.0.jar:1.1.0]
	at com.alibaba.druid.pool.DruidDataSource$CreateConnectionThread.run(DruidDataSource.java:2178) ~[druid-1.1.0.jar:1.1.0]

2018-10-29 14:34:48.168 ERROR 12708 --- [Druid-ConnectionPool-Create-833272193] com.alibaba.druid.pool.DruidDataSource   : create connection error, url: jdbc:mysql:///activiti_web?createDatabaseIfNotExist=true&useUnicode=true&characterEncoding=utf-8&user=root&password=admin, errorCode 1045, state 28000

java.sql.SQLException: Access denied for user 'root'@'localhost' (using password: YES)
	at com.mysql.jdbc.SQLError.createSQLException(SQLError.java:964) ~[mysql-connector-java-5.1.44.jar:5.1.44]
	at com.mysql.jdbc.MysqlIO.checkErrorPacket(MysqlIO.java:3973) ~[mysql-connector-java-5.1.44.jar:5.1.44]
	at com.mysql.jdbc.MysqlIO.checkErrorPacket(MysqlIO.java:3909) ~[mysql-connector-java-5.1.44.jar:5.1.44]
	at com.mysql.jdbc.MysqlIO.checkErrorPacket(MysqlIO.java:873) ~[mysql-connector-java-5.1.44.jar:5.1.44]
	at com.mysql.jdbc.MysqlIO.proceedHandshakeWithPluggableAuthentication(MysqlIO.java:1710) ~[mysql-connector-java-5.1.44.jar:5.1.44]
	at com.mysql.jdbc.MysqlIO.doHandshake(MysqlIO.java:1226) ~[mysql-connector-java-5.1.44.jar:5.1.44]
	at com.mysql.jdbc.ConnectionImpl.coreConnect(ConnectionImpl.java:2191) ~[mysql-connector-java-5.1.44.jar:5.1.44]
	at com.mysql.jdbc.ConnectionImpl.connectOneTryOnly(ConnectionImpl.java:2222) ~[mysql-connector-java-5.1.44.jar:5.1.44]
	at com.mysql.jdbc.ConnectionImpl.createNewIO(ConnectionImpl.java:2017) ~[mysql-connector-java-5.1.44.jar:5.1.44]
	at com.mysql.jdbc.ConnectionImpl.<init>(ConnectionImpl.java:779) ~[mysql-connector-java-5.1.44.jar:5.1.44]
	at com.mysql.jdbc.JDBC4Connection.<init>(JDBC4Connection.java:47) ~[mysql-connector-java-5.1.44.jar:5.1.44]
	at sun.reflect.GeneratedConstructorAccessor34.newInstance(Unknown Source) ~[na:na]
	at sun.reflect.DelegatingConstructorAccessorImpl.newInstance(Unknown Source) ~[na:1.8.0_151]
	at java.lang.reflect.Constructor.newInstance(Unknown Source) ~[na:1.8.0_151]
	at com.mysql.jdbc.Util.handleNewInstance(Util.java:425) ~[mysql-connector-java-5.1.44.jar:5.1.44]
	at com.mysql.jdbc.ConnectionImpl.getInstance(ConnectionImpl.java:389) ~[mysql-connector-java-5.1.44.jar:5.1.44]
	at com.mysql.jdbc.NonRegisteringDriver.connect(NonRegisteringDriver.java:330) ~[mysql-connector-java-5.1.44.jar:5.1.44]
	at com.alibaba.druid.filter.FilterChainImpl.connection_connect(FilterChainImpl.java:148) ~[druid-1.1.0.jar:1.1.0]
	at com.alibaba.druid.filter.stat.StatFilter.connection_connect(StatFilter.java:217) ~[druid-1.1.0.jar:1.1.0]
	at com.alibaba.druid.filter.FilterChainImpl.connection_connect(FilterChainImpl.java:142) ~[druid-1.1.0.jar:1.1.0]
	at com.alibaba.druid.pool.DruidAbstractDataSource.createPhysicalConnection(DruidAbstractDataSource.java:1466) ~[druid-1.1.0.jar:1.1.0]
	at com.alibaba.druid.pool.DruidAbstractDataSource.createPhysicalConnection(DruidAbstractDataSource.java:1529) ~[druid-1.1.0.jar:1.1.0]
	at com.alibaba.druid.pool.DruidDataSource$CreateConnectionThread.run(DruidDataSource.java:2178) ~[druid-1.1.0.jar:1.1.0]

2018-10-29 14:34:48.174 ERROR 12708 --- [Druid-ConnectionPool-Create-833272193] com.alibaba.druid.pool.DruidDataSource   : create connection error, url: jdbc:mysql:///activiti_web?createDatabaseIfNotExist=true&useUnicode=true&characterEncoding=utf-8&user=root&password=admin, errorCode 1045, state 28000

java.sql.SQLException: Access denied for user 'root'@'localhost' (using password: YES)
	at com.mysql.jdbc.SQLError.createSQLException(SQLError.java:964) ~[mysql-connector-java-5.1.44.jar:5.1.44]
	at com.mysql.jdbc.MysqlIO.checkErrorPacket(MysqlIO.java:3973) ~[mysql-connector-java-5.1.44.jar:5.1.44]
	at com.mysql.jdbc.MysqlIO.checkErrorPacket(MysqlIO.java:3909) ~[mysql-connector-java-5.1.44.jar:5.1.44]
	at com.mysql.jdbc.MysqlIO.checkErrorPacket(MysqlIO.java:873) ~[mysql-connector-java-5.1.44.jar:5.1.44]
	at com.mysql.jdbc.MysqlIO.proceedHandshakeWithPluggableAuthentication(MysqlIO.java:1710) ~[mysql-connector-java-5.1.44.jar:5.1.44]
	at com.mysql.jdbc.MysqlIO.doHandshake(MysqlIO.java:1226) ~[mysql-connector-java-5.1.44.jar:5.1.44]
	at com.mysql.jdbc.ConnectionImpl.coreConnect(ConnectionImpl.java:2191) ~[mysql-connector-java-5.1.44.jar:5.1.44]
	at com.mysql.jdbc.ConnectionImpl.connectOneTryOnly(ConnectionImpl.java:2222) ~[mysql-connector-java-5.1.44.jar:5.1.44]
	at com.mysql.jdbc.ConnectionImpl.createNewIO(ConnectionImpl.java:2017) ~[mysql-connector-java-5.1.44.jar:5.1.44]
	at com.mysql.jdbc.ConnectionImpl.<init>(ConnectionImpl.java:779) ~[mysql-connector-java-5.1.44.jar:5.1.44]
	at com.mysql.jdbc.JDBC4Connection.<init>(JDBC4Connection.java:47) ~[mysql-connector-java-5.1.44.jar:5.1.44]
	at sun.reflect.GeneratedConstructorAccessor34.newInstance(Unknown Source) ~[na:na]
	at sun.reflect.DelegatingConstructorAccessorImpl.newInstance(Unknown Source) ~[na:1.8.0_151]
	at java.lang.reflect.Constructor.newInstance(Unknown Source) ~[na:1.8.0_151]
	at com.mysql.jdbc.Util.handleNewInstance(Util.java:425) ~[mysql-connector-java-5.1.44.jar:5.1.44]
	at com.mysql.jdbc.ConnectionImpl.getInstance(ConnectionImpl.java:389) ~[mysql-connector-java-5.1.44.jar:5.1.44]
	at com.mysql.jdbc.NonRegisteringDriver.connect(NonRegisteringDriver.java:330) ~[mysql-connector-java-5.1.44.jar:5.1.44]
	at com.alibaba.druid.filter.FilterChainImpl.connection_connect(FilterChainImpl.java:148) ~[druid-1.1.0.jar:1.1.0]
	at com.alibaba.druid.filter.stat.StatFilter.connection_connect(StatFilter.java:217) ~[druid-1.1.0.jar:1.1.0]
	at com.alibaba.druid.filter.FilterChainImpl.connection_connect(FilterChainImpl.java:142) ~[druid-1.1.0.jar:1.1.0]
	at com.alibaba.druid.pool.DruidAbstractDataSource.createPhysicalConnection(DruidAbstractDataSource.java:1466) ~[druid-1.1.0.jar:1.1.0]
	at com.alibaba.druid.pool.DruidAbstractDataSource.createPhysicalConnection(DruidAbstractDataSource.java:1529) ~[druid-1.1.0.jar:1.1.0]
	at com.alibaba.druid.pool.DruidDataSource$CreateConnectionThread.run(DruidDataSource.java:2178) ~[druid-1.1.0.jar:1.1.0]

2018-10-29 14:34:48.182 ERROR 12708 --- [Druid-ConnectionPool-Create-833272193] com.alibaba.druid.pool.DruidDataSource   : create connection error, url: jdbc:mysql:///activiti_web?createDatabaseIfNotExist=true&useUnicode=true&characterEncoding=utf-8&user=root&password=admin, errorCode 1045, state 28000

java.sql.SQLException: Access denied for user 'root'@'localhost' (using password: YES)
	at com.mysql.jdbc.SQLError.createSQLException(SQLError.java:964) ~[mysql-connector-java-5.1.44.jar:5.1.44]
	at com.mysql.jdbc.MysqlIO.checkErrorPacket(MysqlIO.java:3973) ~[mysql-connector-java-5.1.44.jar:5.1.44]
	at com.mysql.jdbc.MysqlIO.checkErrorPacket(MysqlIO.java:3909) ~[mysql-connector-java-5.1.44.jar:5.1.44]
	at com.mysql.jdbc.MysqlIO.checkErrorPacket(MysqlIO.java:873) ~[mysql-connector-java-5.1.44.jar:5.1.44]
	at com.mysql.jdbc.MysqlIO.proceedHandshakeWithPluggableAuthentication(MysqlIO.java:1710) ~[mysql-connector-java-5.1.44.jar:5.1.44]
	at com.mysql.jdbc.MysqlIO.doHandshake(MysqlIO.java:1226) ~[mysql-connector-java-5.1.44.jar:5.1.44]
	at com.mysql.jdbc.ConnectionImpl.coreConnect(ConnectionImpl.java:2191) ~[mysql-connector-java-5.1.44.jar:5.1.44]
	at com.mysql.jdbc.ConnectionImpl.connectOneTryOnly(ConnectionImpl.java:2222) ~[mysql-connector-java-5.1.44.jar:5.1.44]
	at com.mysql.jdbc.ConnectionImpl.createNewIO(ConnectionImpl.java:2017) ~[mysql-connector-java-5.1.44.jar:5.1.44]
	at com.mysql.jdbc.ConnectionImpl.<init>(ConnectionImpl.java:779) ~[mysql-connector-java-5.1.44.jar:5.1.44]
	at com.mysql.jdbc.JDBC4Connection.<init>(JDBC4Connection.java:47) ~[mysql-connector-java-5.1.44.jar:5.1.44]
	at sun.reflect.GeneratedConstructorAccessor34.newInstance(Unknown Source) ~[na:na]
	at sun.reflect.DelegatingConstructorAccessorImpl.newInstance(Unknown Source) ~[na:1.8.0_151]
	at java.lang.reflect.Constructor.newInstance(Unknown Source) ~[na:1.8.0_151]
	at com.mysql.jdbc.Util.handleNewInstance(Util.java:425) ~[mysql-connector-java-5.1.44.jar:5.1.44]
	at com.mysql.jdbc.ConnectionImpl.getInstance(ConnectionImpl.java:389) ~[mysql-connector-java-5.1.44.jar:5.1.44]
	at com.mysql.jdbc.NonRegisteringDriver.connect(NonRegisteringDriver.java:330) ~[mysql-connector-java-5.1.44.jar:5.1.44]
	at com.alibaba.druid.filter.FilterChainImpl.connection_connect(FilterChainImpl.java:148) ~[druid-1.1.0.jar:1.1.0]
	at com.alibaba.druid.filter.stat.StatFilter.connection_connect(StatFilter.java:217) ~[druid-1.1.0.jar:1.1.0]
	at com.alibaba.druid.filter.FilterChainImpl.connection_connect(FilterChainImpl.java:142) ~[druid-1.1.0.jar:1.1.0]
	at com.alibaba.druid.pool.DruidAbstractDataSource.createPhysicalConnection(DruidAbstractDataSource.java:1466) ~[druid-1.1.0.jar:1.1.0]
	at com.alibaba.druid.pool.DruidAbstractDataSource.createPhysicalConnection(DruidAbstractDataSource.java:1529) ~[druid-1.1.0.jar:1.1.0]
	at com.alibaba.druid.pool.DruidDataSource$CreateConnectionThread.run(DruidDataSource.java:2178) ~[druid-1.1.0.jar:1.1.0]

2018-10-29 14:34:48.190 ERROR 12708 --- [Druid-ConnectionPool-Create-833272193] com.alibaba.druid.pool.DruidDataSource   : create connection error, url: jdbc:mysql:///activiti_web?createDatabaseIfNotExist=true&useUnicode=true&characterEncoding=utf-8&user=root&password=admin, errorCode 1045, state 28000

java.sql.SQLException: Access denied for user 'root'@'localhost' (using password: YES)
	at com.mysql.jdbc.SQLError.createSQLException(SQLError.java:964) ~[mysql-connector-java-5.1.44.jar:5.1.44]
	at com.mysql.jdbc.MysqlIO.checkErrorPacket(MysqlIO.java:3973) ~[mysql-connector-java-5.1.44.jar:5.1.44]
	at com.mysql.jdbc.MysqlIO.checkErrorPacket(MysqlIO.java:3909) ~[mysql-connector-java-5.1.44.jar:5.1.44]
	at com.mysql.jdbc.MysqlIO.checkErrorPacket(MysqlIO.java:873) ~[mysql-connector-java-5.1.44.jar:5.1.44]
	at com.mysql.jdbc.MysqlIO.proceedHandshakeWithPluggableAuthentication(MysqlIO.java:1710) ~[mysql-connector-java-5.1.44.jar:5.1.44]
	at com.mysql.jdbc.MysqlIO.doHandshake(MysqlIO.java:1226) ~[mysql-connector-java-5.1.44.jar:5.1.44]
	at com.mysql.jdbc.ConnectionImpl.coreConnect(ConnectionImpl.java:2191) ~[mysql-connector-java-5.1.44.jar:5.1.44]
	at com.mysql.jdbc.ConnectionImpl.connectOneTryOnly(ConnectionImpl.java:2222) ~[mysql-connector-java-5.1.44.jar:5.1.44]
	at com.mysql.jdbc.ConnectionImpl.createNewIO(ConnectionImpl.java:2017) ~[mysql-connector-java-5.1.44.jar:5.1.44]
	at com.mysql.jdbc.ConnectionImpl.<init>(ConnectionImpl.java:779) ~[mysql-connector-java-5.1.44.jar:5.1.44]
	at com.mysql.jdbc.JDBC4Connection.<init>(JDBC4Connection.java:47) ~[mysql-connector-java-5.1.44.jar:5.1.44]
	at sun.reflect.GeneratedConstructorAccessor34.newInstance(Unknown Source) ~[na:na]
	at sun.reflect.DelegatingConstructorAccessorImpl.newInstance(Unknown Source) ~[na:1.8.0_151]
	at java.lang.reflect.Constructor.newInstance(Unknown Source) ~[na:1.8.0_151]
	at com.mysql.jdbc.Util.handleNewInstance(Util.java:425) ~[mysql-connector-java-5.1.44.jar:5.1.44]
	at com.mysql.jdbc.ConnectionImpl.getInstance(ConnectionImpl.java:389) ~[mysql-connector-java-5.1.44.jar:5.1.44]
	at com.mysql.jdbc.NonRegisteringDriver.connect(NonRegisteringDriver.java:330) ~[mysql-connector-java-5.1.44.jar:5.1.44]
	at com.alibaba.druid.filter.FilterChainImpl.connection_connect(FilterChainImpl.java:148) ~[druid-1.1.0.jar:1.1.0]
	at com.alibaba.druid.filter.stat.StatFilter.connection_connect(StatFilter.java:217) ~[druid-1.1.0.jar:1.1.0]
	at com.alibaba.druid.filter.FilterChainImpl.connection_connect(FilterChainImpl.java:142) ~[druid-1.1.0.jar:1.1.0]
	at com.alibaba.druid.pool.DruidAbstractDataSource.createPhysicalConnection(DruidAbstractDataSource.java:1466) ~[druid-1.1.0.jar:1.1.0]
	at com.alibaba.druid.pool.DruidAbstractDataSource.createPhysicalConnection(DruidAbstractDataSource.java:1529) ~[druid-1.1.0.jar:1.1.0]
	at com.alibaba.druid.pool.DruidDataSource$CreateConnectionThread.run(DruidDataSource.java:2178) ~[druid-1.1.0.jar:1.1.0]

2018-10-29 14:34:48.196 ERROR 12708 --- [Druid-ConnectionPool-Create-833272193] com.alibaba.druid.pool.DruidDataSource   : create connection error, url: jdbc:mysql:///activiti_web?createDatabaseIfNotExist=true&useUnicode=true&characterEncoding=utf-8&user=root&password=admin, errorCode 1045, state 28000

java.sql.SQLException: Access denied for user 'root'@'localhost' (using password: YES)
	at com.mysql.jdbc.SQLError.createSQLException(SQLError.java:964) ~[mysql-connector-java-5.1.44.jar:5.1.44]
	at com.mysql.jdbc.MysqlIO.checkErrorPacket(MysqlIO.java:3973) ~[mysql-connector-java-5.1.44.jar:5.1.44]
	at com.mysql.jdbc.MysqlIO.checkErrorPacket(MysqlIO.java:3909) ~[mysql-connector-java-5.1.44.jar:5.1.44]
	at com.mysql.jdbc.MysqlIO.checkErrorPacket(MysqlIO.java:873) ~[mysql-connector-java-5.1.44.jar:5.1.44]
	at com.mysql.jdbc.MysqlIO.proceedHandshakeWithPluggableAuthentication(MysqlIO.java:1710) ~[mysql-connector-java-5.1.44.jar:5.1.44]
	at com.mysql.jdbc.MysqlIO.doHandshake(MysqlIO.java:1226) ~[mysql-connector-java-5.1.44.jar:5.1.44]
	at com.mysql.jdbc.ConnectionImpl.coreConnect(ConnectionImpl.java:2191) ~[mysql-connector-java-5.1.44.jar:5.1.44]
	at com.mysql.jdbc.ConnectionImpl.connectOneTryOnly(ConnectionImpl.java:2222) ~[mysql-connector-java-5.1.44.jar:5.1.44]
	at com.mysql.jdbc.ConnectionImpl.createNewIO(ConnectionImpl.java:2017) ~[mysql-connector-java-5.1.44.jar:5.1.44]
	at com.mysql.jdbc.ConnectionImpl.<init>(ConnectionImpl.java:779) ~[mysql-connector-java-5.1.44.jar:5.1.44]
	at com.mysql.jdbc.JDBC4Connection.<init>(JDBC4Connection.java:47) ~[mysql-connector-java-5.1.44.jar:5.1.44]
	at sun.reflect.GeneratedConstructorAccessor34.newInstance(Unknown Source) ~[na:na]
	at sun.reflect.DelegatingConstructorAccessorImpl.newInstance(Unknown Source) ~[na:1.8.0_151]
	at java.lang.reflect.Constructor.newInstance(Unknown Source) ~[na:1.8.0_151]
	at com.mysql.jdbc.Util.handleNewInstance(Util.java:425) ~[mysql-connector-java-5.1.44.jar:5.1.44]
	at com.mysql.jdbc.ConnectionImpl.getInstance(ConnectionImpl.java:389) ~[mysql-connector-java-5.1.44.jar:5.1.44]
	at com.mysql.jdbc.NonRegisteringDriver.connect(NonRegisteringDriver.java:330) ~[mysql-connector-java-5.1.44.jar:5.1.44]
	at com.alibaba.druid.filter.FilterChainImpl.connection_connect(FilterChainImpl.java:148) ~[druid-1.1.0.jar:1.1.0]
	at com.alibaba.druid.filter.stat.StatFilter.connection_connect(StatFilter.java:217) ~[druid-1.1.0.jar:1.1.0]
	at com.alibaba.druid.filter.FilterChainImpl.connection_connect(FilterChainImpl.java:142) ~[druid-1.1.0.jar:1.1.0]
	at com.alibaba.druid.pool.DruidAbstractDataSource.createPhysicalConnection(DruidAbstractDataSource.java:1466) ~[druid-1.1.0.jar:1.1.0]
	at com.alibaba.druid.pool.DruidAbstractDataSource.createPhysicalConnection(DruidAbstractDataSource.java:1529) ~[druid-1.1.0.jar:1.1.0]
	at com.alibaba.druid.pool.DruidDataSource$CreateConnectionThread.run(DruidDataSource.java:2178) ~[druid-1.1.0.jar:1.1.0]

2018-10-29 14:34:48.201 ERROR 12708 --- [Druid-ConnectionPool-Create-833272193] com.alibaba.druid.pool.DruidDataSource   : create connection error, url: jdbc:mysql:///activiti_web?createDatabaseIfNotExist=true&useUnicode=true&characterEncoding=utf-8&user=root&password=admin, errorCode 1045, state 28000

java.sql.SQLException: Access denied for user 'root'@'localhost' (using password: YES)
	at com.mysql.jdbc.SQLError.createSQLException(SQLError.java:964) ~[mysql-connector-java-5.1.44.jar:5.1.44]
	at com.mysql.jdbc.MysqlIO.checkErrorPacket(MysqlIO.java:3973) ~[mysql-connector-java-5.1.44.jar:5.1.44]
	at com.mysql.jdbc.MysqlIO.checkErrorPacket(MysqlIO.java:3909) ~[mysql-connector-java-5.1.44.jar:5.1.44]
	at com.mysql.jdbc.MysqlIO.checkErrorPacket(MysqlIO.java:873) ~[mysql-connector-java-5.1.44.jar:5.1.44]
	at com.mysql.jdbc.MysqlIO.proceedHandshakeWithPluggableAuthentication(MysqlIO.java:1710) ~[mysql-connector-java-5.1.44.jar:5.1.44]
	at com.mysql.jdbc.MysqlIO.doHandshake(MysqlIO.java:1226) ~[mysql-connector-java-5.1.44.jar:5.1.44]
	at com.mysql.jdbc.ConnectionImpl.coreConnect(ConnectionImpl.java:2191) ~[mysql-connector-java-5.1.44.jar:5.1.44]
	at com.mysql.jdbc.ConnectionImpl.connectOneTryOnly(ConnectionImpl.java:2222) ~[mysql-connector-java-5.1.44.jar:5.1.44]
	at com.mysql.jdbc.ConnectionImpl.createNewIO(ConnectionImpl.java:2017) ~[mysql-connector-java-5.1.44.jar:5.1.44]
	at com.mysql.jdbc.ConnectionImpl.<init>(ConnectionImpl.java:779) ~[mysql-connector-java-5.1.44.jar:5.1.44]
	at com.mysql.jdbc.JDBC4Connection.<init>(JDBC4Connection.java:47) ~[mysql-connector-java-5.1.44.jar:5.1.44]
	at sun.reflect.GeneratedConstructorAccessor34.newInstance(Unknown Source) ~[na:na]
	at sun.reflect.DelegatingConstructorAccessorImpl.newInstance(Unknown Source) ~[na:1.8.0_151]
	at java.lang.reflect.Constructor.newInstance(Unknown Source) ~[na:1.8.0_151]
	at com.mysql.jdbc.Util.handleNewInstance(Util.java:425) ~[mysql-connector-java-5.1.44.jar:5.1.44]
	at com.mysql.jdbc.ConnectionImpl.getInstance(ConnectionImpl.java:389) ~[mysql-connector-java-5.1.44.jar:5.1.44]
	at com.mysql.jdbc.NonRegisteringDriver.connect(NonRegisteringDriver.java:330) ~[mysql-connector-java-5.1.44.jar:5.1.44]
	at com.alibaba.druid.filter.FilterChainImpl.connection_connect(FilterChainImpl.java:148) ~[druid-1.1.0.jar:1.1.0]
	at com.alibaba.druid.filter.stat.StatFilter.connection_connect(StatFilter.java:217) ~[druid-1.1.0.jar:1.1.0]
	at com.alibaba.druid.filter.FilterChainImpl.connection_connect(FilterChainImpl.java:142) ~[druid-1.1.0.jar:1.1.0]
	at com.alibaba.druid.pool.DruidAbstractDataSource.createPhysicalConnection(DruidAbstractDataSource.java:1466) ~[druid-1.1.0.jar:1.1.0]
	at com.alibaba.druid.pool.DruidAbstractDataSource.createPhysicalConnection(DruidAbstractDataSource.java:1529) ~[druid-1.1.0.jar:1.1.0]
	at com.alibaba.druid.pool.DruidDataSource$CreateConnectionThread.run(DruidDataSource.java:2178) ~[druid-1.1.0.jar:1.1.0]

2018-10-29 14:34:48.205 ERROR 12708 --- [Druid-ConnectionPool-Create-833272193] com.alibaba.druid.pool.DruidDataSource   : create connection error, url: jdbc:mysql:///activiti_web?createDatabaseIfNotExist=true&useUnicode=true&characterEncoding=utf-8&user=root&password=admin, errorCode 1045, state 28000

java.sql.SQLException: Access denied for user 'root'@'localhost' (using password: YES)
	at com.mysql.jdbc.SQLError.createSQLException(SQLError.java:964) ~[mysql-connector-java-5.1.44.jar:5.1.44]
	at com.mysql.jdbc.MysqlIO.checkErrorPacket(MysqlIO.java:3973) ~[mysql-connector-java-5.1.44.jar:5.1.44]
	at com.mysql.jdbc.MysqlIO.checkErrorPacket(MysqlIO.java:3909) ~[mysql-connector-java-5.1.44.jar:5.1.44]
	at com.mysql.jdbc.MysqlIO.checkErrorPacket(MysqlIO.java:873) ~[mysql-connector-java-5.1.44.jar:5.1.44]
	at com.mysql.jdbc.MysqlIO.proceedHandshakeWithPluggableAuthentication(MysqlIO.java:1710) ~[mysql-connector-java-5.1.44.jar:5.1.44]
	at com.mysql.jdbc.MysqlIO.doHandshake(MysqlIO.java:1226) ~[mysql-connector-java-5.1.44.jar:5.1.44]
	at com.mysql.jdbc.ConnectionImpl.coreConnect(ConnectionImpl.java:2191) ~[mysql-connector-java-5.1.44.jar:5.1.44]
	at com.mysql.jdbc.ConnectionImpl.connectOneTryOnly(ConnectionImpl.java:2222) ~[mysql-connector-java-5.1.44.jar:5.1.44]
	at com.mysql.jdbc.ConnectionImpl.createNewIO(ConnectionImpl.java:2017) ~[mysql-connector-java-5.1.44.jar:5.1.44]
	at com.mysql.jdbc.ConnectionImpl.<init>(ConnectionImpl.java:779) ~[mysql-connector-java-5.1.44.jar:5.1.44]
	at com.mysql.jdbc.JDBC4Connection.<init>(JDBC4Connection.java:47) ~[mysql-connector-java-5.1.44.jar:5.1.44]
	at sun.reflect.GeneratedConstructorAccessor34.newInstance(Unknown Source) ~[na:na]
	at sun.reflect.DelegatingConstructorAccessorImpl.newInstance(Unknown Source) ~[na:1.8.0_151]
	at java.lang.reflect.Constructor.newInstance(Unknown Source) ~[na:1.8.0_151]
	at com.mysql.jdbc.Util.handleNewInstance(Util.java:425) ~[mysql-connector-java-5.1.44.jar:5.1.44]
	at com.mysql.jdbc.ConnectionImpl.getInstance(ConnectionImpl.java:389) ~[mysql-connector-java-5.1.44.jar:5.1.44]
	at com.mysql.jdbc.NonRegisteringDriver.connect(NonRegisteringDriver.java:330) ~[mysql-connector-java-5.1.44.jar:5.1.44]
	at com.alibaba.druid.filter.FilterChainImpl.connection_connect(FilterChainImpl.java:148) ~[druid-1.1.0.jar:1.1.0]
	at com.alibaba.druid.filter.stat.StatFilter.connection_connect(StatFilter.java:217) ~[druid-1.1.0.jar:1.1.0]
	at com.alibaba.druid.filter.FilterChainImpl.connection_connect(FilterChainImpl.java:142) ~[druid-1.1.0.jar:1.1.0]
	at com.alibaba.druid.pool.DruidAbstractDataSource.createPhysicalConnection(DruidAbstractDataSource.java:1466) ~[druid-1.1.0.jar:1.1.0]
	at com.alibaba.druid.pool.DruidAbstractDataSource.createPhysicalConnection(DruidAbstractDataSource.java:1529) ~[druid-1.1.0.jar:1.1.0]
	at com.alibaba.druid.pool.DruidDataSource$CreateConnectionThread.run(DruidDataSource.java:2178) ~[druid-1.1.0.jar:1.1.0]

2018-10-29 14:34:48.215 ERROR 12708 --- [Druid-ConnectionPool-Create-833272193] com.alibaba.druid.pool.DruidDataSource   : create connection error, url: jdbc:mysql:///activiti_web?createDatabaseIfNotExist=true&useUnicode=true&characterEncoding=utf-8&user=root&password=admin, errorCode 1045, state 28000

java.sql.SQLException: Access denied for user 'root'@'localhost' (using password: YES)
	at com.mysql.jdbc.SQLError.createSQLException(SQLError.java:964) ~[mysql-connector-java-5.1.44.jar:5.1.44]
	at com.mysql.jdbc.MysqlIO.checkErrorPacket(MysqlIO.java:3973) ~[mysql-connector-java-5.1.44.jar:5.1.44]
	at com.mysql.jdbc.MysqlIO.checkErrorPacket(MysqlIO.java:3909) ~[mysql-connector-java-5.1.44.jar:5.1.44]
	at com.mysql.jdbc.MysqlIO.checkErrorPacket(MysqlIO.java:873) ~[mysql-connector-java-5.1.44.jar:5.1.44]
	at com.mysql.jdbc.MysqlIO.proceedHandshakeWithPluggableAuthentication(MysqlIO.java:1710) ~[mysql-connector-java-5.1.44.jar:5.1.44]
	at com.mysql.jdbc.MysqlIO.doHandshake(MysqlIO.java:1226) ~[mysql-connector-java-5.1.44.jar:5.1.44]
	at com.mysql.jdbc.ConnectionImpl.coreConnect(ConnectionImpl.java:2191) ~[mysql-connector-java-5.1.44.jar:5.1.44]
	at com.mysql.jdbc.ConnectionImpl.connectOneTryOnly(ConnectionImpl.java:2222) ~[mysql-connector-java-5.1.44.jar:5.1.44]
	at com.mysql.jdbc.ConnectionImpl.createNewIO(ConnectionImpl.java:2017) ~[mysql-connector-java-5.1.44.jar:5.1.44]
	at com.mysql.jdbc.ConnectionImpl.<init>(ConnectionImpl.java:779) ~[mysql-connector-java-5.1.44.jar:5.1.44]
	at com.mysql.jdbc.JDBC4Connection.<init>(JDBC4Connection.java:47) ~[mysql-connector-java-5.1.44.jar:5.1.44]
	at sun.reflect.GeneratedConstructorAccessor34.newInstance(Unknown Source) ~[na:na]
	at sun.reflect.DelegatingConstructorAccessorImpl.newInstance(Unknown Source) ~[na:1.8.0_151]
	at java.lang.reflect.Constructor.newInstance(Unknown Source) ~[na:1.8.0_151]
	at com.mysql.jdbc.Util.handleNewInstance(Util.java:425) ~[mysql-connector-java-5.1.44.jar:5.1.44]
	at com.mysql.jdbc.ConnectionImpl.getInstance(ConnectionImpl.java:389) ~[mysql-connector-java-5.1.44.jar:5.1.44]
	at com.mysql.jdbc.NonRegisteringDriver.connect(NonRegisteringDriver.java:330) ~[mysql-connector-java-5.1.44.jar:5.1.44]
	at com.alibaba.druid.filter.FilterChainImpl.connection_connect(FilterChainImpl.java:148) ~[druid-1.1.0.jar:1.1.0]
	at com.alibaba.druid.filter.stat.StatFilter.connection_connect(StatFilter.java:217) ~[druid-1.1.0.jar:1.1.0]
	at com.alibaba.druid.filter.FilterChainImpl.connection_connect(FilterChainImpl.java:142) ~[druid-1.1.0.jar:1.1.0]
	at com.alibaba.druid.pool.DruidAbstractDataSource.createPhysicalConnection(DruidAbstractDataSource.java:1466) ~[druid-1.1.0.jar:1.1.0]
	at com.alibaba.druid.pool.DruidAbstractDataSource.createPhysicalConnection(DruidAbstractDataSource.java:1529) ~[druid-1.1.0.jar:1.1.0]
	at com.alibaba.druid.pool.DruidDataSource$CreateConnectionThread.run(DruidDataSource.java:2178) ~[druid-1.1.0.jar:1.1.0]

